TN:
SF:public\admin\admin-add.js
FN:31,(anonymous_0)
FN:40,handleFileTypeChange
FN:65,(anonymous_2)
FN:97,(anonymous_3)
FN:98,(anonymous_4)
FN:117,(anonymous_5)
FN:122,(anonymous_6)
FN:130,showError
FN:136,showSuccess
FNF:9
FNH:7
FNDA:2,(anonymous_0)
FNDA:6,handleFileTypeChange
FNDA:6,(anonymous_2)
FNDA:5,(anonymous_3)
FNDA:5,(anonymous_4)
FNDA:0,(anonymous_5)
FNDA:0,(anonymous_6)
FNDA:3,showError
FNDA:3,showSuccess
DA:4,12
DA:5,12
DA:6,12
DA:7,12
DA:8,12
DA:10,12
DA:11,12
DA:12,12
DA:13,12
DA:15,12
DA:16,12
DA:17,12
DA:20,12
DA:28,12
DA:31,12
DA:32,2
DA:33,2
DA:34,2
DA:38,12
DA:41,6
DA:44,6
DA:45,6
DA:46,6
DA:47,6
DA:48,6
DA:51,6
DA:52,5
DA:54,1
DA:58,6
DA:59,6
DA:60,6
DA:61,6
DA:65,12
DA:66,6
DA:67,6
DA:69,6
DA:70,6
DA:73,6
DA:74,5
DA:75,1
DA:78,1
DA:79,1
DA:80,1
DA:85,4
DA:88,4
DA:97,5
DA:98,5
DA:103,4
DA:105,4
DA:106,4
DA:107,4
DA:108,0
DA:111,4
DA:116,4
DA:117,1
DA:118,1
DA:121,3
DA:122,3
DA:124,1
DA:125,1
DA:131,3
DA:132,3
DA:133,3
DA:137,3
DA:138,3
DA:139,3
DA:144,12
DA:146,12
DA:153,0
DA:154,0
DA:155,0
LF:71
LH:67
BRDA:33,0,0,2
BRDA:33,0,1,0
BRDA:51,1,0,5
BRDA:51,1,1,1
BRDA:51,2,0,6
BRDA:51,2,1,5
BRDA:58,3,0,6
BRDA:58,3,1,5
BRDA:73,4,0,5
BRDA:73,4,1,1
BRDA:74,5,0,1
BRDA:74,5,1,4
BRDA:79,6,0,1
BRDA:79,6,1,0
BRDA:79,7,0,1
BRDA:79,7,1,1
BRDA:85,8,0,4
BRDA:85,8,1,2
BRDA:95,9,0,4
BRDA:95,9,1,3
BRDA:100,10,0,4
BRDA:100,10,1,0
BRDA:107,11,0,0
BRDA:107,11,1,4
BRDA:116,12,0,1
BRDA:116,12,1,3
BRDA:118,13,0,1
BRDA:118,13,1,0
BRDA:144,14,0,12
BRDA:144,14,1,0
BRDA:144,15,0,12
BRDA:144,15,1,12
BRF:32
BRH:26
end_of_record
TN:
SF:public\admin\hierarcy.js
FN:17,loadDataFromFirestore
FN:22,(anonymous_1)
FN:29,(anonymous_2)
FN:43,addDirectoryToHierarchy
FN:45,(anonymous_4)
FN:88,addDocumentToHierarchy
FN:90,(anonymous_6)
FN:143,saveDirectoryToFirestore
FN:175,initializeUI
FN:189,(anonymous_9)
FN:196,(anonymous_10)
FN:203,(anonymous_11)
FN:258,goToUpload
FN:273,(anonymous_13)
FN:275,(anonymous_14)
FN:286,createDirectoryStructure
FN:290,(anonymous_16)
FN:302,(anonymous_17)
FN:345,buildDirectoryTree
FN:367,(anonymous_19)
FN:376,(anonymous_20)
FN:377,(anonymous_21)
FN:400,(anonymous_22)
FN:401,(anonymous_23)
FN:406,(anonymous_24)
FN:413,buildDirectoryItem
FN:415,(anonymous_26)
FN:437,(anonymous_27)
FN:447,navigateToPath
FN:449,(anonymous_29)
FN:462,expandDirectoryPath
FN:465,(anonymous_31)
FN:493,updatePathNavigation
FN:498,(anonymous_33)
FN:503,(anonymous_34)
FN:535,(anonymous_35)
FN:536,(anonymous_36)
FN:542,(anonymous_37)
FN:544,(anonymous_38)
FN:553,updateContentGrid
FN:566,(anonymous_40)
FN:609,handleItemActivation
FN:627,(anonymous_42)
FN:643,findDirectoryByPath
FN:645,(anonymous_44)
FN:654,(anonymous_45)
FN:660,(anonymous_46)
FNF:47
FNH:40
FNDA:7,loadDataFromFirestore
FNDA:4,(anonymous_1)
FNDA:0,(anonymous_2)
FNDA:6,addDirectoryToHierarchy
FNDA:13,(anonymous_4)
FNDA:2,addDocumentToHierarchy
FNDA:3,(anonymous_6)
FNDA:0,saveDirectoryToFirestore
FNDA:19,initializeUI
FNDA:1,(anonymous_9)
FNDA:1,(anonymous_10)
FNDA:2,(anonymous_11)
FNDA:2,goToUpload
FNDA:2,(anonymous_13)
FNDA:4,(anonymous_14)
FNDA:0,createDirectoryStructure
FNDA:0,(anonymous_16)
FNDA:0,(anonymous_17)
FNDA:21,buildDirectoryTree
FNDA:25,(anonymous_19)
FNDA:25,(anonymous_20)
FNDA:2,(anonymous_21)
FNDA:41,(anonymous_22)
FNDA:1,(anonymous_23)
FNDA:3,(anonymous_24)
FNDA:20,buildDirectoryItem
FNDA:11,(anonymous_26)
FNDA:4,(anonymous_27)
FNDA:10,navigateToPath
FNDA:24,(anonymous_29)
FNDA:10,expandDirectoryPath
FNDA:24,(anonymous_31)
FNDA:29,updatePathNavigation
FNDA:14,(anonymous_33)
FNDA:44,(anonymous_34)
FNDA:33,(anonymous_35)
FNDA:1,(anonymous_36)
FNDA:3,(anonymous_37)
FNDA:3,(anonymous_38)
FNDA:31,updateContentGrid
FNDA:29,(anonymous_40)
FNDA:2,handleItemActivation
FNDA:0,(anonymous_42)
FNDA:35,findDirectoryByPath
FNDA:97,(anonymous_44)
FNDA:7,(anonymous_45)
FNDA:0,(anonymous_46)
DA:2,29
DA:12,29
DA:13,29
DA:18,7
DA:20,7
DA:21,3
DA:22,2
DA:23,4
DA:27,2
DA:28,2
DA:29,0
DA:30,0
DA:34,0
DA:37,7
DA:44,6
DA:45,13
DA:47,6
DA:48,6
DA:50,6
DA:51,5
DA:52,5
DA:53,5
DA:54,5
DA:58,5
DA:59,5
DA:60,5
DA:61,3
DA:65,1
DA:66,1
DA:67,1
DA:71,5
DA:72,4
DA:80,4
DA:81,4
DA:89,2
DA:90,3
DA:92,2
DA:93,2
DA:96,2
DA:97,1
DA:98,1
DA:99,1
DA:100,1
DA:101,1
DA:105,1
DA:106,1
DA:109,1
DA:110,0
DA:111,0
DA:118,0
DA:119,0
DA:121,1
DA:126,2
DA:127,2
DA:138,2
DA:139,2
DA:144,0
DA:146,0
DA:156,0
DA:157,0
DA:158,0
DA:162,0
DA:163,0
DA:164,0
DA:167,0
DA:168,0
DA:177,19
DA:178,19
DA:179,19
DA:180,19
DA:183,19
DA:184,19
DA:185,19
DA:188,19
DA:189,19
DA:190,1
DA:195,19
DA:196,19
DA:197,1
DA:202,19
DA:203,19
DA:204,2
DA:207,2
DA:208,2
DA:209,2
DA:214,2
DA:222,2
DA:224,2
DA:229,2
DA:230,2
DA:233,2
DA:234,2
DA:235,2
DA:236,2
DA:237,2
DA:241,2
DA:242,2
DA:243,2
DA:244,2
DA:246,2
DA:248,0
DA:249,0
DA:255,19
DA:256,19
DA:259,2
DA:260,2
DA:263,19
DA:264,19
DA:266,19
DA:267,19
DA:271,19
DA:272,19
DA:273,19
DA:274,2
DA:275,2
DA:276,4
DA:277,4
DA:288,0
DA:290,0
DA:292,0
DA:293,0
DA:295,0
DA:296,0
DA:299,0
DA:302,0
DA:303,0
DA:307,0
DA:309,0
DA:317,0
DA:319,0
DA:320,0
DA:323,0
DA:324,0
DA:327,0
DA:330,0
DA:331,0
DA:336,0
DA:340,0
DA:346,21
DA:347,21
DA:350,21
DA:351,21
DA:358,21
DA:361,21
DA:362,21
DA:363,14
DA:364,14
DA:365,14
DA:367,14
DA:368,25
DA:369,25
DA:370,16
DA:376,21
DA:377,25
DA:378,2
DA:380,2
DA:381,2
DA:383,2
DA:385,2
DA:386,2
DA:387,1
DA:388,1
DA:389,1
DA:391,1
DA:392,1
DA:393,1
DA:400,21
DA:401,41
DA:402,1
DA:403,1
DA:406,3
DA:407,1
DA:414,20
DA:415,11
DA:417,20
DA:418,20
DA:427,20
DA:430,20
DA:431,4
DA:432,4
DA:433,4
DA:434,4
DA:437,4
DA:438,4
DA:439,4
DA:440,4
DA:448,10
DA:449,24
DA:452,10
DA:455,10
DA:458,10
DA:463,10
DA:465,24
DA:466,10
DA:469,10
DA:470,14
DA:473,14
DA:474,14
DA:476,12
DA:477,12
DA:480,12
DA:481,6
DA:482,6
DA:483,6
DA:484,6
DA:485,6
DA:494,29
DA:495,29
DA:497,29
DA:498,29
DA:499,14
DA:502,14
DA:503,14
DA:504,44
DA:505,12
DA:510,14
DA:511,14
DA:512,14
DA:513,14
DA:514,14
DA:516,14
DA:518,10
DA:519,10
DA:520,10
DA:521,10
DA:522,10
DA:525,4
DA:526,4
DA:527,4
DA:528,4
DA:529,4
DA:530,4
DA:535,29
DA:536,33
DA:537,1
DA:538,1
DA:539,1
DA:542,1
DA:543,3
DA:544,3
DA:545,1
DA:554,31
DA:555,31
DA:556,31
DA:559,31
DA:561,31
DA:562,18
DA:563,18
DA:566,18
DA:567,29
DA:568,29
DA:569,29
DA:570,29
DA:572,29
DA:573,18
DA:574,18
DA:575,11
DA:576,9
DA:577,9
DA:578,2
DA:579,0
DA:580,0
DA:581,2
DA:582,2
DA:583,2
DA:584,0
DA:585,0
DA:586,0
DA:588,0
DA:589,0
DA:592,29
DA:593,29
DA:594,29
DA:595,29
DA:596,29
DA:597,29
DA:606,29
DA:610,2
DA:611,2
DA:613,2
DA:614,1
DA:617,1
DA:618,1
DA:619,1
DA:621,0
DA:626,29
DA:627,29
DA:628,0
DA:629,0
DA:630,0
DA:637,13
DA:638,13
DA:644,35
DA:645,35
DA:646,97
DA:647,32
DA:650,35
DA:654,29
DA:655,7
DA:658,7
DA:659,7
DA:660,7
DA:661,0
DA:668,29
LF:304
LH:252
BRDA:44,0,0,6
BRDA:44,0,1,2
BRDA:54,1,0,4
BRDA:54,1,1,1
BRDA:59,2,0,5
BRDA:59,2,1,0
BRDA:61,3,0,1
BRDA:61,3,1,2
BRDA:62,4,0,3
BRDA:62,4,1,3
BRDA:71,5,0,4
BRDA:71,5,1,1
BRDA:73,6,0,4
BRDA:73,6,1,0
BRDA:77,7,0,4
BRDA:77,7,1,0
BRDA:78,8,0,4
BRDA:78,8,1,0
BRDA:89,9,0,2
BRDA:89,9,1,0
BRDA:98,10,0,1
BRDA:98,10,1,0
BRDA:101,11,0,1
BRDA:101,11,1,0
BRDA:102,12,0,1
BRDA:102,12,1,1
BRDA:109,13,0,0
BRDA:109,13,1,1
BRDA:130,14,0,2
BRDA:130,14,1,0
BRDA:132,15,0,2
BRDA:132,15,1,2
BRDA:133,16,0,2
BRDA:133,16,1,2
BRDA:138,17,0,2
BRDA:138,17,1,0
BRDA:152,18,0,0
BRDA:152,18,1,0
BRDA:156,19,0,0
BRDA:156,19,1,0
BRDA:158,20,0,0
BRDA:158,20,1,0
BRDA:188,21,0,19
BRDA:188,21,1,0
BRDA:188,22,0,19
BRDA:188,22,1,19
BRDA:195,23,0,19
BRDA:195,23,1,0
BRDA:195,24,0,19
BRDA:195,24,1,19
BRDA:202,25,0,19
BRDA:202,25,1,0
BRDA:202,26,0,19
BRDA:202,26,1,19
BRDA:209,27,0,2
BRDA:209,27,1,0
BRDA:235,28,0,2
BRDA:235,28,1,0
BRDA:236,29,0,2
BRDA:236,29,1,0
BRDA:259,30,0,1
BRDA:259,30,1,1
BRDA:263,31,0,19
BRDA:263,31,1,0
BRDA:266,32,0,19
BRDA:266,32,1,0
BRDA:272,33,0,19
BRDA:272,33,1,0
BRDA:277,34,0,2
BRDA:277,34,1,2
BRDA:299,35,0,0
BRDA:299,35,1,0
BRDA:303,36,0,0
BRDA:303,36,1,0
BRDA:307,37,0,0
BRDA:307,37,1,0
BRDA:362,38,0,14
BRDA:362,38,1,7
BRDA:362,39,0,21
BRDA:362,39,1,21
BRDA:369,40,0,16
BRDA:369,40,1,9
BRDA:369,41,0,25
BRDA:369,41,1,25
BRDA:383,42,0,2
BRDA:383,42,1,0
BRDA:386,43,0,1
BRDA:386,43,1,1
BRDA:414,44,0,20
BRDA:414,44,1,20
BRDA:414,44,2,11
BRDA:415,45,0,11
BRDA:415,45,1,11
BRDA:420,46,0,4
BRDA:420,46,1,16
BRDA:430,47,0,4
BRDA:430,47,1,16
BRDA:439,48,0,4
BRDA:439,48,1,0
BRDA:439,49,0,4
BRDA:439,49,1,4
BRDA:463,50,0,0
BRDA:463,50,1,10
BRDA:474,51,0,12
BRDA:474,51,1,2
BRDA:480,52,0,6
BRDA:480,52,1,6
BRDA:483,53,0,6
BRDA:483,53,1,0
BRDA:504,54,0,12
BRDA:504,54,1,32
BRDA:516,55,0,10
BRDA:516,55,1,4
BRDA:543,56,0,1
BRDA:543,56,1,2
BRDA:561,57,0,18
BRDA:561,57,1,13
BRDA:561,58,0,31
BRDA:561,58,1,29
BRDA:561,58,2,29
BRDA:568,59,0,29
BRDA:568,59,1,0
BRDA:572,60,0,18
BRDA:572,60,1,11
BRDA:575,61,0,9
BRDA:575,61,1,2
BRDA:575,62,0,11
BRDA:575,62,1,2
BRDA:578,63,0,0
BRDA:578,63,1,2
BRDA:581,64,0,2
BRDA:581,64,1,0
BRDA:584,65,0,0
BRDA:584,65,1,0
BRDA:602,66,0,11
BRDA:602,66,1,18
BRDA:613,67,0,1
BRDA:613,67,1,1
BRDA:617,68,0,1
BRDA:617,68,1,0
BRDA:628,69,0,0
BRDA:628,69,1,0
BRDA:628,70,0,0
BRDA:628,70,1,0
BRDA:646,71,0,32
BRDA:646,71,1,65
BRDA:646,72,0,97
BRDA:646,72,1,32
BRDA:659,73,0,7
BRDA:659,73,1,0
BRF:150
BRH:104
end_of_record
TN:
SF:public\admin\moveFiles.js
FN:7,(anonymous_0)
FN:30,activateMoveMode
FN:75,moveFileHere
FN:95,(anonymous_3)
FN:105,cancelMove
FN:110,getCurrentPath
FN:114,(anonymous_6)
FN:124,enhanceContentGrid
FN:125,(anonymous_8)
FN:134,addMoveButtonsToItems
FN:137,(anonymous_10)
FN:148,(anonymous_11)
FN:158,showStatus
FN:164,(anonymous_13)
FNF:14
FNH:0
FNDA:0,(anonymous_0)
FNDA:0,activateMoveMode
FNDA:0,moveFileHere
FNDA:0,(anonymous_3)
FNDA:0,cancelMove
FNDA:0,getCurrentPath
FNDA:0,(anonymous_6)
FNDA:0,enhanceContentGrid
FNDA:0,(anonymous_8)
FNDA:0,addMoveButtonsToItems
FNDA:0,(anonymous_10)
FNDA:0,(anonymous_11)
FNDA:0,showStatus
FNDA:0,(anonymous_13)
DA:3,0
DA:4,0
DA:5,0
DA:7,0
DA:8,0
DA:11,0
DA:12,0
DA:13,0
DA:14,0
DA:19,0
DA:20,0
DA:21,0
DA:24,0
DA:31,0
DA:33,0
DA:34,0
DA:35,0
DA:37,0
DA:38,0
DA:40,0
DA:41,0
DA:52,0
DA:55,0
DA:59,0
DA:60,0
DA:62,0
DA:67,0
DA:68,0
DA:76,0
DA:78,0
DA:79,0
DA:81,0
DA:92,0
DA:94,0
DA:95,0
DA:96,0
DA:100,0
DA:101,0
DA:106,0
DA:111,0
DA:112,0
DA:115,0
DA:116,0
DA:119,0
DA:120,0
DA:125,0
DA:126,0
DA:127,0
DA:129,0
DA:130,0
DA:131,0
DA:135,0
DA:137,0
DA:138,0
DA:139,0
DA:144,0
DA:145,0
DA:146,0
DA:147,0
DA:148,0
DA:149,0
DA:150,0
DA:152,0
DA:159,0
DA:160,0
DA:161,0
DA:162,0
DA:163,0
DA:164,0
LF:69
LH:0
BRDA:20,0,0,0
BRDA:20,0,1,0
BRDA:34,1,0,0
BRDA:34,1,1,0
BRDA:60,2,0,0
BRDA:60,2,1,0
BRDA:76,3,0,0
BRDA:76,3,1,0
BRDA:92,4,0,0
BRDA:92,4,1,0
BRDA:115,5,0,0
BRDA:115,5,1,0
BRDA:115,6,0,0
BRDA:115,6,1,0
BRDA:115,6,2,0
BRDA:120,7,0,0
BRDA:120,7,1,0
BRDA:126,8,0,0
BRDA:126,8,1,0
BRDA:135,9,0,0
BRDA:135,9,1,0
BRDA:139,10,0,0
BRDA:139,10,1,0
BRDA:140,11,0,0
BRDA:140,11,1,0
BRDA:140,11,2,0
BRDA:158,12,0,0
BRDA:159,13,0,0
BRDA:159,13,1,0
BRDA:163,14,0,0
BRDA:163,14,1,0
BRF:31
BRH:0
end_of_record
TN:
SF:public\admin\script.js
FNF:0
FNH:0
DA:7,0
DA:17,0
DA:18,0
DA:19,0
LF:4
LH:0
BRF:0
BRH:0
end_of_record
TN:
SF:public\admin sign in\admin_sign_in.js
FN:44,(anonymous_0)
FN:61,(anonymous_1)
FN:85,checkAdmin
FN:90,(anonymous_3)
FN:109,handleUserAccess
FN:123,(anonymous_5)
FN:137,(anonymous_6)
FN:146,(anonymous_7)
FN:148,(anonymous_8)
FN:155,(anonymous_9)
FNF:10
FNH:0
FNDA:0,(anonymous_0)
FNDA:0,(anonymous_1)
FNDA:0,checkAdmin
FNDA:0,(anonymous_3)
FNDA:0,handleUserAccess
FNDA:0,(anonymous_5)
FNDA:0,(anonymous_6)
FNDA:0,(anonymous_7)
FNDA:0,(anonymous_8)
FNDA:0,(anonymous_9)
DA:8,0
DA:19,0
DA:20,0
DA:21,0
DA:22,0
DA:23,0
DA:26,0
DA:27,0
DA:28,0
DA:29,0
DA:30,0
DA:31,0
DA:32,0
DA:33,0
DA:34,0
DA:35,0
DA:38,0
DA:44,0
DA:45,0
DA:47,0
DA:48,0
DA:49,0
DA:52,0
DA:53,0
DA:54,0
DA:61,0
DA:62,0
DA:63,0
DA:64,0
DA:66,0
DA:67,0
DA:70,0
DA:71,0
DA:72,0
DA:75,0
DA:76,0
DA:86,0
DA:87,0
DA:88,0
DA:90,0
DA:91,0
DA:92,0
DA:93,0
DA:94,0
DA:98,0
DA:100,0
DA:101,0
DA:110,0
DA:112,0
DA:114,0
DA:115,0
DA:116,0
DA:119,0
DA:120,0
DA:123,0
DA:124,0
DA:128,0
DA:133,0
DA:134,0
DA:137,0
DA:138,0
DA:139,0
DA:141,0
DA:142,0
DA:145,0
DA:146,0
DA:147,0
DA:148,0
DA:149,0
DA:155,0
DA:156,0
DA:158,0
DA:160,0
DA:161,0
DA:162,0
DA:163,0
DA:166,0
DA:169,0
DA:172,0
DA:176,0
DA:177,0
DA:178,0
DA:179,0
DA:180,0
DA:181,0
LF:85
LH:0
BRDA:92,0,0,0
BRDA:92,0,1,0
BRDA:112,1,0,0
BRDA:112,1,1,0
BRDA:158,2,0,0
BRDA:158,2,1,0
BRDA:172,3,0,0
BRDA:172,3,1,0
BRF:8
BRH:0
end_of_record
TN:
SF:public\admin\home_page\admin_home.js
FN:11,(anonymous_0)
FN:15,(anonymous_1)
FN:26,(anonymous_2)
FN:27,(anonymous_3)
FN:61,(anonymous_4)
FN:71,(anonymous_5)
FN:113,(anonymous_6)
FNF:7
FNH:0
FNDA:0,(anonymous_0)
FNDA:0,(anonymous_1)
FNDA:0,(anonymous_2)
FNDA:0,(anonymous_3)
FNDA:0,(anonymous_4)
FNDA:0,(anonymous_5)
FNDA:0,(anonymous_6)
DA:11,0
DA:13,0
DA:14,0
DA:15,0
DA:16,0
DA:18,0
DA:25,0
DA:26,0
DA:27,0
DA:28,0
DA:29,0
DA:36,0
DA:46,0
DA:48,0
DA:49,0
DA:52,0
DA:53,0
DA:56,0
DA:57,0
DA:60,0
DA:61,0
DA:62,0
DA:63,0
DA:67,0
DA:68,0
DA:69,0
DA:71,0
DA:72,0
DA:73,0
DA:74,0
DA:75,0
DA:76,0
DA:82,0
DA:83,0
DA:84,0
DA:85,0
DA:88,0
DA:94,0
DA:95,0
DA:98,0
DA:100,0
DA:101,0
DA:113,0
DA:114,0
DA:115,0
DA:123,0
DA:124,0
DA:125,0
DA:126,0
DA:128,0
DA:129,0
DA:130,0
DA:142,0
DA:147,0
DA:150,0
DA:151,0
DA:152,0
DA:153,0
DA:156,0
DA:157,0
LF:60
LH:0
BRDA:14,0,0,0
BRDA:14,0,1,0
BRDA:16,1,0,0
BRDA:16,1,1,0
BRDA:63,2,0,0
BRDA:63,2,1,0
BRDA:73,3,0,0
BRDA:73,3,1,0
BRDA:75,4,0,0
BRDA:75,4,1,0
BRDA:100,5,0,0
BRDA:100,5,1,0
BRDA:123,6,0,0
BRDA:123,6,1,0
BRDA:124,7,0,0
BRDA:124,7,1,0
BRDA:125,8,0,0
BRDA:125,8,1,0
BRDA:126,9,0,0
BRDA:126,9,1,0
BRDA:135,10,0,0
BRDA:135,10,1,0
BRF:22
BRH:0
end_of_record
TN:
SF:public\delete\delete.js
FN:5,(anonymous_0)
FN:32,(anonymous_1)
FN:41,(anonymous_2)
FN:49,(anonymous_3)
FN:64,(anonymous_4)
FNF:5
FNH:0
FNDA:0,(anonymous_0)
FNDA:0,(anonymous_1)
FNDA:0,(anonymous_2)
FNDA:0,(anonymous_3)
FNDA:0,(anonymous_4)
DA:3,0
DA:5,0
DA:7,0
DA:8,0
DA:11,0
DA:12,0
DA:13,0
DA:14,0
DA:15,0
DA:16,0
DA:17,0
DA:20,0
DA:21,0
DA:22,0
DA:24,0
DA:25,0
DA:26,0
DA:27,0
DA:28,0
DA:32,0
DA:33,0
DA:34,0
DA:36,0
DA:37,0
DA:40,0
DA:41,0
DA:42,0
DA:46,0
DA:47,0
DA:48,0
DA:49,0
DA:51,0
DA:55,0
DA:56,0
DA:57,0
DA:58,0
DA:59,0
DA:64,0
DA:65,0
LF:39
LH:0
BRDA:20,0,0,0
BRDA:20,0,1,0
BRDA:20,1,0,0
BRDA:20,1,1,0
BRDA:24,2,0,0
BRDA:24,2,1,0
BRDA:40,3,0,0
BRDA:40,3,1,0
BRDA:42,4,0,0
BRDA:42,4,1,0
BRF:10
BRH:0
end_of_record
TN:
SF:public\delete\preview.js
FN:5,(anonymous_0)
FN:43,(anonymous_1)
FN:47,(anonymous_2)
FN:48,(anonymous_3)
FN:53,(anonymous_4)
FN:60,render
FN:79,(anonymous_6)
FN:83,wireActions
FN:85,(anonymous_8)
FN:91,(anonymous_9)
FN:97,(anonymous_10)
FN:105,formatDate
FNF:12
FNH:7
FNDA:6,(anonymous_0)
FNDA:5,(anonymous_1)
FNDA:5,(anonymous_2)
FNDA:5,(anonymous_3)
FNDA:0,(anonymous_4)
FNDA:5,render
FNDA:0,(anonymous_6)
FNDA:5,wireActions
FNDA:0,(anonymous_8)
FNDA:0,(anonymous_9)
FNDA:0,(anonymous_10)
FNDA:10,formatDate
DA:3,3
DA:5,3
DA:7,6
DA:8,6
DA:9,6
DA:10,6
DA:11,6
DA:12,6
DA:13,6
DA:14,6
DA:15,6
DA:16,6
DA:19,6
DA:27,31
DA:28,1
DA:29,1
DA:34,5
DA:35,5
DA:36,0
DA:37,0
DA:38,0
DA:42,5
DA:44,5
DA:45,5
DA:48,5
DA:49,5
DA:50,5
DA:51,5
DA:54,0
DA:55,0
DA:56,0
DA:61,5
DA:62,5
DA:63,5
DA:64,5
DA:65,5
DA:67,5
DA:68,5
DA:69,5
DA:70,5
DA:72,0
DA:77,5
DA:79,0
DA:84,5
DA:85,5
DA:86,0
DA:90,5
DA:91,5
DA:92,0
DA:96,5
DA:97,5
DA:99,0
DA:106,10
DA:107,10
LF:54
LH:43
BRDA:27,0,0,1
BRDA:27,0,1,30
BRDA:35,1,0,0
BRDA:35,1,1,5
BRDA:44,2,0,0
BRDA:44,2,1,5
BRDA:49,3,0,0
BRDA:49,3,1,5
BRDA:61,4,0,5
BRDA:61,4,1,0
BRDA:62,5,0,5
BRDA:62,5,1,0
BRDA:65,6,0,5
BRDA:65,6,1,0
BRDA:67,7,0,5
BRDA:67,7,1,0
BRDA:68,8,0,5
BRDA:68,8,1,0
BRDA:84,9,0,5
BRDA:84,9,1,0
BRDA:84,10,0,5
BRDA:84,10,1,5
BRDA:90,11,0,5
BRDA:90,11,1,0
BRDA:96,12,0,5
BRDA:96,12,1,0
BRDA:106,13,0,0
BRDA:106,13,1,10
BRF:28
BRH:16
end_of_record
TN:
SF:public\edit\edit.js
FN:5,(anonymous_0)
FN:29,(anonymous_1)
FN:33,(anonymous_2)
FN:34,(anonymous_3)
FN:48,(anonymous_4)
FN:55,(anonymous_5)
FN:60,(anonymous_6)
FN:61,(anonymous_7)
FN:80,(anonymous_8)
FN:86,(anonymous_9)
FN:97,(anonymous_10)
FNF:11
FNH:0
FNDA:0,(anonymous_0)
FNDA:0,(anonymous_1)
FNDA:0,(anonymous_2)
FNDA:0,(anonymous_3)
FNDA:0,(anonymous_4)
FNDA:0,(anonymous_5)
FNDA:0,(anonymous_6)
FNDA:0,(anonymous_7)
FNDA:0,(anonymous_8)
FNDA:0,(anonymous_9)
FNDA:0,(anonymous_10)
DA:3,0
DA:5,0
DA:7,0
DA:8,0
DA:11,0
DA:12,0
DA:13,0
DA:14,0
DA:15,0
DA:16,0
DA:17,0
DA:18,0
DA:19,0
DA:21,0
DA:22,0
DA:23,0
DA:24,0
DA:28,0
DA:30,0
DA:31,0
DA:34,0
DA:35,0
DA:37,0
DA:38,0
DA:39,0
DA:40,0
DA:41,0
DA:44,0
DA:45,0
DA:49,0
DA:50,0
DA:51,0
DA:55,0
DA:56,0
DA:57,0
DA:58,0
DA:60,0
DA:61,0
DA:63,0
DA:73,0
DA:74,0
DA:79,0
DA:80,0
DA:81,0
DA:83,0
DA:84,0
DA:86,0
DA:87,0
DA:90,0
DA:91,0
DA:92,0
DA:97,0
DA:98,0
LF:53
LH:0
BRDA:21,0,0,0
BRDA:21,0,1,0
BRDA:30,1,0,0
BRDA:30,1,1,0
BRDA:35,2,0,0
BRDA:35,2,1,0
BRDA:37,3,0,0
BRDA:37,3,1,0
BRDA:38,4,0,0
BRDA:38,4,1,0
BRDA:39,5,0,0
BRDA:39,5,1,0
BRDA:40,6,0,0
BRDA:40,6,1,0
BRDA:41,7,0,0
BRDA:41,7,1,0
BRDA:44,8,0,0
BRDA:44,8,1,0
BRDA:79,9,0,0
BRDA:79,9,1,0
BRDA:81,10,0,0
BRDA:81,10,1,0
BRF:22
BRH:0
end_of_record
TN:
SF:public\edit\firebase.js
FNF:0
FNH:0
DA:12,0
DA:23,0
DA:24,0
DA:25,0
LF:4
LH:0
BRF:0
BRH:0
end_of_record
TN:
SF:public\search\AdminSearchInterface.js
FN:12,initializeAdminSearchInterface
FN:29,(anonymous_1)
FN:33,(anonymous_2)
FN:44,(anonymous_3)
FN:58,handleSearch
FN:64,refreshResults
FN:68,(anonymous_6)
FN:90,applySorting
FN:94,(anonymous_8)
FN:97,(anonymous_9)
FN:100,(anonymous_10)
FN:103,(anonymous_11)
FNF:12
FNH:0
FNDA:0,initializeAdminSearchInterface
FNDA:0,(anonymous_1)
FNDA:0,(anonymous_2)
FNDA:0,(anonymous_3)
FNDA:0,handleSearch
FNDA:0,refreshResults
FNDA:0,(anonymous_6)
FNDA:0,applySorting
FNDA:0,(anonymous_8)
FNDA:0,(anonymous_9)
FNDA:0,(anonymous_10)
FNDA:0,(anonymous_11)
DA:13,0
DA:14,0
DA:15,0
DA:16,0
DA:20,0
DA:21,0
DA:22,0
DA:23,0
DA:26,0
DA:27,0
DA:28,0
DA:29,0
DA:30,0
DA:31,0
DA:33,0
DA:34,0
DA:35,0
DA:37,0
DA:38,0
DA:40,0
DA:41,0
DA:44,0
DA:45,0
DA:46,0
DA:47,0
DA:48,0
DA:49,0
DA:50,0
DA:52,0
DA:53,0
DA:59,0
DA:60,0
DA:65,0
DA:68,0
DA:70,0
DA:75,0
DA:77,0
DA:79,0
DA:83,0
DA:86,0
DA:91,0
DA:92,0
DA:94,0
DA:95,0
DA:97,0
DA:98,0
DA:100,0
DA:101,0
DA:103,0
DA:104,0
DA:106,0
LF:51
LH:0
BRDA:14,0,0,0
BRDA:14,0,1,0
BRDA:48,1,0,0
BRDA:48,1,1,0
BRDA:70,2,0,0
BRDA:70,2,1,0
BRDA:70,2,2,0
BRDA:75,3,0,0
BRDA:75,3,1,0
BRDA:77,4,0,0
BRDA:77,4,1,0
BRDA:79,5,0,0
BRDA:79,5,1,0
BRDA:79,5,2,0
BRDA:92,6,0,0
BRDA:92,6,1,0
BRDA:92,6,2,0
BRDA:92,6,3,0
BRF:18
BRH:0
end_of_record
TN:
SF:public\search\Filters.js
FN:10,renderFilters
FN:30,(anonymous_1)
FNF:2
FNH:0
FNDA:0,renderFilters
FNDA:0,(anonymous_1)
DA:11,0
DA:12,0
DA:15,0
DA:16,0
DA:17,0
DA:19,0
DA:20,0
DA:21,0
DA:30,0
DA:31,0
DA:34,0
DA:35,0
LF:12
LH:0
BRF:0
BRH:0
end_of_record
TN:
SF:public\search\SearchBar.js
FN:10,renderSearchBar
FN:44,(anonymous_1)
FN:48,(anonymous_2)
FN:51,(anonymous_3)
FN:63,(anonymous_4)
FN:69,(anonymous_5)
FNF:6
FNH:0
FNDA:0,renderSearchBar
FNDA:0,(anonymous_1)
FNDA:0,(anonymous_2)
FNDA:0,(anonymous_3)
FNDA:0,(anonymous_4)
FNDA:0,(anonymous_5)
DA:12,0
DA:13,0
DA:14,0
DA:17,0
DA:18,0
DA:19,0
DA:20,0
DA:23,0
DA:24,0
DA:25,0
DA:26,0
DA:27,0
DA:28,0
DA:29,0
DA:32,0
DA:33,0
DA:34,0
DA:37,0
DA:38,0
DA:39,0
DA:40,0
DA:41,0
DA:44,0
DA:48,0
DA:49,0
DA:50,0
DA:51,0
DA:52,0
DA:53,0
DA:58,0
DA:59,0
DA:60,0
DA:61,0
DA:63,0
DA:64,0
DA:65,0
DA:66,0
DA:69,0
DA:70,0
DA:74,0
DA:78,0
DA:79,0
LF:42
LH:0
BRDA:59,0,0,0
BRDA:59,0,1,0
BRF:2
BRH:0
end_of_record
TN:
SF:public\search\SearchInterface.js
FN:10,initializeSearchInterface
FN:15,(anonymous_1)
FN:17,(anonymous_2)
FN:59,(anonymous_3)
FN:65,(anonymous_4)
FN:72,(anonymous_5)
FN:91,refresh
FN:94,(anonymous_7)
FN:137,(anonymous_8)
FN:148,(anonymous_9)
FN:149,(anonymous_10)
FN:160,(anonymous_11)
FN:175,fetchAllDocuments
FNF:13
FNH:7
FNDA:10,initializeSearchInterface
FNDA:40,(anonymous_1)
FNDA:5,(anonymous_2)
FNDA:2,(anonymous_3)
FNDA:0,(anonymous_4)
FNDA:0,(anonymous_5)
FNDA:11,refresh
FNDA:16,(anonymous_7)
FNDA:0,(anonymous_8)
FNDA:0,(anonymous_9)
FNDA:0,(anonymous_10)
FNDA:0,(anonymous_11)
FNDA:8,fetchAllDocuments
DA:8,1
DA:11,10
DA:12,10
DA:15,10
DA:16,40
DA:17,5
DA:19,10
DA:20,10
DA:21,10
DA:22,10
DA:25,10
DA:26,10
DA:27,10
DA:28,10
DA:29,10
DA:30,10
DA:31,10
DA:34,10
DA:40,10
DA:51,10
DA:52,10
DA:54,9
DA:55,9
DA:56,9
DA:59,9
DA:60,2
DA:61,2
DA:65,9
DA:66,0
DA:67,0
DA:69,9
DA:72,9
DA:73,0
DA:74,0
DA:76,9
DA:79,9
DA:80,9
DA:81,9
DA:82,9
DA:83,9
DA:85,9
DA:86,9
DA:89,9
DA:93,11
DA:94,16
DA:97,11
DA:98,202
DA:99,202
DA:100,1
DA:101,1
DA:102,1
DA:103,1
DA:108,11
DA:109,11
DA:110,11
DA:111,8
DA:115,3
DA:123,3
DA:124,3
DA:128,3
DA:129,3
DA:130,3
DA:132,3
DA:133,0
DA:137,3
DA:138,0
DA:140,0
DA:141,0
DA:143,0
DA:144,0
DA:146,0
DA:147,0
DA:148,0
DA:149,0
DA:151,0
DA:154,3
DA:155,3
DA:160,0
DA:161,0
DA:162,0
DA:166,0
DA:169,0
DA:170,0
DA:176,8
DA:177,8
DA:178,8
DA:179,7
DA:180,7
DA:181,0
DA:182,0
DA:184,7
DA:186,1
DA:187,1
LF:93
LH:70
BRDA:11,0,0,10
BRDA:11,0,1,7
BRDA:12,1,0,2
BRDA:12,1,1,8
BRDA:16,2,0,4
BRDA:16,2,1,36
BRDA:16,3,0,40
BRDA:16,3,1,4
BRDA:26,4,0,10
BRDA:26,4,1,9
BRDA:27,5,0,10
BRDA:27,5,1,9
BRDA:28,6,0,0
BRDA:28,6,1,10
BRDA:28,7,0,10
BRDA:28,7,1,10
BRDA:29,8,0,0
BRDA:29,8,1,10
BRDA:29,9,0,10
BRDA:29,9,1,10
BRDA:30,10,0,10
BRDA:30,10,1,10
BRDA:31,11,0,10
BRDA:31,11,1,10
BRDA:52,12,0,1
BRDA:52,12,1,9
BRDA:93,13,0,11
BRDA:93,13,1,9
BRDA:99,14,0,1
BRDA:99,14,1,201
BRDA:109,15,0,11
BRDA:109,15,1,9
BRDA:109,15,2,9
BRDA:109,15,3,9
BRDA:110,16,0,8
BRDA:110,16,1,3
BRDA:110,17,0,11
BRDA:110,17,1,9
BRDA:117,18,0,2
BRDA:117,18,1,1
BRDA:118,19,0,1
BRDA:118,19,1,2
BRDA:119,20,0,0
BRDA:119,20,1,3
BRDA:120,21,0,0
BRDA:120,21,1,3
BRDA:124,22,0,2
BRDA:124,22,1,1
BRDA:130,23,0,0
BRDA:132,24,0,0
BRDA:132,24,1,3
BRDA:138,25,0,0
BRDA:138,25,1,0
BRDA:138,26,0,0
BRDA:138,26,1,0
BRDA:139,27,0,0
BRDA:139,27,1,0
BRDA:141,28,0,0
BRDA:141,28,1,0
BRDA:141,29,0,0
BRDA:141,29,1,0
BRDA:142,30,0,0
BRDA:142,30,1,0
BRDA:144,31,0,0
BRDA:144,31,1,0
BRDA:144,32,0,0
BRDA:144,32,1,0
BRDA:145,33,0,0
BRDA:145,33,1,0
BRDA:147,34,0,0
BRDA:147,34,1,0
BRDA:148,35,0,0
BRDA:148,35,1,0
BRDA:149,36,0,0
BRDA:149,36,1,0
BRDA:154,37,0,3
BRDA:154,37,1,0
BRDA:161,38,0,0
BRDA:161,38,1,0
BRDA:161,39,0,0
BRDA:161,39,1,0
BRDA:179,40,0,0
BRDA:180,41,0,0
BRDA:180,41,1,7
BRF:84
BRH:47
end_of_record
TN:
SF:public\search\SearchResults.js
FN:20,renderSearchResults
FN:34,(anonymous_1)
FNF:2
FNH:2
FNDA:15,renderSearchResults
FNDA:13,(anonymous_1)
DA:22,15
DA:25,15
DA:26,3
DA:27,3
DA:28,3
DA:29,3
DA:30,3
DA:34,12
DA:35,13
DA:36,13
DA:39,13
DA:40,13
DA:41,13
DA:42,13
DA:43,13
DA:44,13
DA:47,13
DA:48,1
DA:49,1
DA:50,1
DA:51,1
DA:55,13
DA:56,13
DA:57,13
DA:58,13
DA:59,13
DA:60,1
DA:62,13
DA:63,1
DA:64,1
DA:66,13
DA:67,1
DA:68,1
DA:69,1
DA:70,1
DA:74,13
DA:75,1
DA:76,1
DA:77,1
DA:78,1
DA:82,13
DA:84,13
DA:86,1
DA:87,1
DA:88,1
DA:89,1
DA:91,1
DA:92,1
DA:93,1
DA:94,1
DA:96,1
DA:97,1
DA:98,1
DA:99,1
DA:101,10
DA:102,10
DA:103,10
DA:104,10
DA:105,10
DA:107,13
DA:108,13
DA:109,13
DA:112,13
DA:113,13
DA:115,13
DA:116,13
DA:117,13
DA:118,13
DA:120,13
DA:121,13
DA:123,13
LF:71
LH:71
BRDA:25,0,0,3
BRDA:25,0,1,12
BRDA:25,1,0,15
BRDA:25,1,1,14
BRDA:47,2,0,1
BRDA:47,2,1,12
BRDA:56,3,0,1
BRDA:56,3,1,12
BRDA:57,4,0,1
BRDA:57,4,1,12
BRDA:58,5,0,1
BRDA:58,5,1,12
BRDA:59,6,0,1
BRDA:59,6,1,12
BRDA:59,7,0,13
BRDA:59,7,1,2
BRDA:62,8,0,1
BRDA:62,8,1,12
BRDA:66,9,0,1
BRDA:66,9,1,12
BRDA:74,10,0,1
BRDA:74,10,1,12
BRDA:84,11,0,1
BRDA:84,11,1,1
BRDA:84,11,2,1
BRDA:84,11,3,10
BRF:26
BRH:26
end_of_record
TN:
SF:public\search\SortOptions.js
FN:15,renderSortOptions
FN:33,(anonymous_1)
FNF:2
FNH:0
FNDA:0,renderSortOptions
FNDA:0,(anonymous_1)
DA:16,0
DA:17,0
DA:19,0
DA:20,0
DA:21,0
DA:23,0
DA:24,0
DA:25,0
DA:33,0
DA:34,0
DA:37,0
DA:38,0
LF:12
LH:0
BRF:0
BRH:0
end_of_record
TN:
SF:public\search\UserFilteredSearchInterface.js
FN:10,initializeUserFilteredSearch
FN:28,(anonymous_1)
FN:46,handleSearch
FN:50,(anonymous_3)
FN:67,(anonymous_4)
FN:68,(anonymous_5)
FN:70,(anonymous_6)
FN:71,(anonymous_7)
FN:82,(anonymous_8)
FN:83,(anonymous_9)
FNF:10
FNH:0
FNDA:0,initializeUserFilteredSearch
FNDA:0,(anonymous_1)
FNDA:0,handleSearch
FNDA:0,(anonymous_3)
FNDA:0,(anonymous_4)
FNDA:0,(anonymous_5)
FNDA:0,(anonymous_6)
FNDA:0,(anonymous_7)
FNDA:0,(anonymous_8)
FNDA:0,(anonymous_9)
DA:11,0
DA:12,0
DA:13,0
DA:14,0
DA:18,0
DA:19,0
DA:20,0
DA:21,0
DA:22,0
DA:23,0
DA:24,0
DA:27,0
DA:28,0
DA:29,0
DA:30,0
DA:31,0
DA:32,0
DA:33,0
DA:35,0
DA:37,0
DA:38,0
DA:47,0
DA:48,0
DA:50,0
DA:53,0
DA:58,0
DA:59,0
DA:60,0
DA:63,0
DA:64,0
DA:65,0
DA:67,0
DA:68,0
DA:69,0
DA:70,0
DA:71,0
DA:74,0
DA:78,0
DA:82,0
DA:83,0
DA:90,0
LF:41
LH:0
BRDA:12,0,0,0
BRDA:12,0,1,0
BRDA:32,1,0,0
BRDA:32,1,1,0
BRDA:48,2,0,0
BRDA:48,2,1,0
BRDA:53,3,0,0
BRDA:53,3,1,0
BRDA:53,3,2,0
BRDA:58,4,0,0
BRDA:58,4,1,0
BRDA:59,5,0,0
BRDA:59,5,1,0
BRDA:60,6,0,0
BRDA:60,6,1,0
BRDA:64,7,0,0
BRDA:64,7,1,0
BRDA:69,8,0,0
BRDA:69,8,1,0
BRDA:78,9,0,0
BRDA:78,9,1,0
BRDA:78,9,2,0
BRDA:78,9,3,0
BRDA:78,9,4,0
BRDA:82,10,0,0
BRDA:82,10,1,0
BRDA:82,11,0,0
BRDA:82,11,1,0
BRDA:85,12,0,0
BRDA:85,12,1,0
BRDA:86,13,0,0
BRDA:86,13,1,0
BRDA:87,14,0,0
BRDA:87,14,1,0
BRF:34
BRH:0
end_of_record
TN:
SF:public\suggestions\history.js
FN:31,initApp
FN:45,loadAllDocuments
FN:47,(anonymous_2)
FN:48,(anonymous_3)
FN:56,isDocumentNew
FN:64,loadAllHistory
FN:70,(anonymous_6)
FN:80,(anonymous_7)
FN:91,loadUserInteractions
FN:109,getTitle
FN:113,(anonymous_10)
FN:134,renderAllDocuments
FN:151,(anonymous_12)
FN:159,createDocCard
FN:192,(anonymous_14)
FN:198,(anonymous_15)
FN:213,incrementViewCount
FN:251,openDocument
FN:260,renderDocuments
FN:276,(anonymous_19)
FN:283,toggleFavorite
FN:306,renderAllSections
FN:309,(anonymous_22)
FN:314,(anonymous_23)
FN:316,(anonymous_24)
FN:318,(anonymous_25)
FN:325,(anonymous_26)
FN:336,applyFilters
FN:345,(anonymous_28)
FN:350,(anonymous_29)
FN:355,(anonymous_30)
FN:378,(anonymous_31)
FN:383,setupEventListeners
FN:387,(anonymous_33)
FN:390,(anonymous_34)
FN:403,(anonymous_35)
FN:404,(anonymous_36)
FN:411,(anonymous_37)
FN:421,(anonymous_38)
FN:423,(anonymous_39)
FN:424,(anonymous_40)
FN:433,showLoading
FN:438,showError
FN:446,updateStats
FN:460,(anonymous_44)
FNF:45
FNH:0
FNDA:0,initApp
FNDA:0,loadAllDocuments
FNDA:0,(anonymous_2)
FNDA:0,(anonymous_3)
FNDA:0,isDocumentNew
FNDA:0,loadAllHistory
FNDA:0,(anonymous_6)
FNDA:0,(anonymous_7)
FNDA:0,loadUserInteractions
FNDA:0,getTitle
FNDA:0,(anonymous_10)
FNDA:0,renderAllDocuments
FNDA:0,(anonymous_12)
FNDA:0,createDocCard
FNDA:0,(anonymous_14)
FNDA:0,(anonymous_15)
FNDA:0,incrementViewCount
FNDA:0,openDocument
FNDA:0,renderDocuments
FNDA:0,(anonymous_19)
FNDA:0,toggleFavorite
FNDA:0,renderAllSections
FNDA:0,(anonymous_22)
FNDA:0,(anonymous_23)
FNDA:0,(anonymous_24)
FNDA:0,(anonymous_25)
FNDA:0,(anonymous_26)
FNDA:0,applyFilters
FNDA:0,(anonymous_28)
FNDA:0,(anonymous_29)
FNDA:0,(anonymous_30)
FNDA:0,(anonymous_31)
FNDA:0,setupEventListeners
FNDA:0,(anonymous_33)
FNDA:0,(anonymous_34)
FNDA:0,(anonymous_35)
FNDA:0,(anonymous_36)
FNDA:0,(anonymous_37)
FNDA:0,(anonymous_38)
FNDA:0,(anonymous_39)
FNDA:0,(anonymous_40)
FNDA:0,showLoading
FNDA:0,showError
FNDA:0,updateStats
FNDA:0,(anonymous_44)
DA:5,0
DA:16,0
DA:17,0
DA:18,0
DA:19,0
DA:21,0
DA:22,0
DA:23,0
DA:26,0
DA:27,0
DA:28,0
DA:32,0
DA:33,0
DA:34,0
DA:35,0
DA:36,0
DA:37,0
DA:39,0
DA:40,0
DA:42,0
DA:46,0
DA:47,0
DA:48,0
DA:53,0
DA:57,0
DA:58,0
DA:59,0
DA:60,0
DA:63,0
DA:65,0
DA:66,0
DA:68,0
DA:69,0
DA:70,0
DA:71,0
DA:76,0
DA:79,0
DA:80,0
DA:81,0
DA:82,0
DA:86,0
DA:88,0
DA:90,0
DA:92,0
DA:93,0
DA:94,0
DA:95,0
DA:101,0
DA:102,0
DA:104,0
DA:108,0
DA:110,0
DA:112,0
DA:113,0
DA:114,0
DA:115,0
DA:135,0
DA:136,0
DA:138,0
DA:140,0
DA:141,0
DA:147,0
DA:148,0
DA:151,0
DA:152,0
DA:161,0
DA:162,0
DA:164,0
DA:165,0
DA:166,0
DA:167,0
DA:168,0
DA:171,0
DA:191,0
DA:192,0
DA:193,0
DA:194,0
DA:196,0
DA:197,0
DA:198,0
DA:199,0
DA:200,0
DA:201,0
DA:202,0
DA:203,0
DA:204,0
DA:208,0
DA:209,0
DA:214,0
DA:215,0
DA:216,0
DA:218,0
DA:219,0
DA:220,0
DA:221,0
DA:222,0
DA:223,0
DA:224,0
DA:226,0
DA:229,0
DA:232,0
DA:246,0
DA:252,0
DA:253,0
DA:255,0
DA:256,0
DA:261,0
DA:262,0
DA:264,0
DA:266,0
DA:267,0
DA:273,0
DA:276,0
DA:277,0
DA:284,0
DA:285,0
DA:286,0
DA:288,0
DA:289,0
DA:290,0
DA:293,0
DA:297,0
DA:298,0
DA:299,0
DA:301,0
DA:307,0
DA:309,0
DA:310,0
DA:313,0
DA:314,0
DA:316,0
DA:317,0
DA:318,0
DA:321,0
DA:325,0
DA:326,0
DA:329,0
DA:332,0
DA:337,0
DA:338,0
DA:339,0
DA:341,0
DA:344,0
DA:345,0
DA:349,0
DA:350,0
DA:354,0
DA:355,0
DA:356,0
DA:363,0
DA:364,0
DA:366,0
DA:368,0
DA:369,0
DA:375,0
DA:378,0
DA:379,0
DA:385,0
DA:386,0
DA:387,0
DA:388,0
DA:389,0
DA:390,0
DA:391,0
DA:395,0
DA:397,0
DA:403,0
DA:404,0
DA:405,0
DA:406,0
DA:411,0
DA:412,0
DA:415,0
DA:416,0
DA:417,0
DA:421,0
DA:422,0
DA:423,0
DA:424,0
DA:425,0
DA:426,0
DA:434,0
DA:435,0
DA:439,0
DA:440,0
DA:441,0
DA:442,0
DA:447,0
DA:448,0
DA:449,0
DA:450,0
DA:458,0
DA:460,0
DA:461,0
DA:462,0
DA:464,0
DA:465,0
DA:467,0
DA:468,0
DA:470,0
DA:471,0
DA:473,0
DA:474,0
DA:476,0
DA:477,0
DA:479,0
DA:485,0
LF:207
LH:0
BRDA:21,0,0,0
BRDA:21,0,1,0
BRDA:26,1,0,0
BRDA:26,1,1,0
BRDA:57,2,0,0
BRDA:57,2,1,0
BRDA:68,3,0,0
BRDA:68,3,1,0
BRDA:94,4,0,0
BRDA:94,4,1,0
BRDA:95,5,0,0
BRDA:95,5,1,0
BRDA:110,6,0,0
BRDA:110,6,1,0
BRDA:114,7,0,0
BRDA:114,7,1,0
BRDA:136,8,0,0
BRDA:136,8,1,0
BRDA:140,9,0,0
BRDA:140,9,1,0
BRDA:164,10,0,0
BRDA:164,10,1,0
BRDA:172,11,0,0
BRDA:172,11,1,0
BRDA:174,12,0,0
BRDA:174,12,1,0
BRDA:175,13,0,0
BRDA:175,13,1,0
BRDA:176,14,0,0
BRDA:176,14,1,0
BRDA:178,15,0,0
BRDA:178,15,1,0
BRDA:182,16,0,0
BRDA:182,16,1,0
BRDA:183,17,0,0
BRDA:183,17,1,0
BRDA:222,18,0,0
BRDA:222,18,1,0
BRDA:253,19,0,0
BRDA:253,19,1,0
BRDA:262,20,0,0
BRDA:262,20,1,0
BRDA:266,21,0,0
BRDA:266,21,1,0
BRDA:266,22,0,0
BRDA:266,22,1,0
BRDA:288,23,0,0
BRDA:288,23,1,0
BRDA:294,24,0,0
BRDA:294,24,1,0
BRDA:313,25,0,0
BRDA:313,25,1,0
BRDA:344,26,0,0
BRDA:344,26,1,0
BRDA:344,27,0,0
BRDA:344,27,1,0
BRDA:349,28,0,0
BRDA:349,28,1,0
BRDA:349,29,0,0
BRDA:349,29,1,0
BRDA:354,30,0,0
BRDA:354,30,1,0
BRDA:356,31,0,0
BRDA:356,31,1,0
BRDA:356,31,2,0
BRDA:364,32,0,0
BRDA:364,32,1,0
BRDA:368,33,0,0
BRDA:368,33,1,0
BRDA:386,34,0,0
BRDA:386,34,1,0
BRDA:389,35,0,0
BRDA:389,35,1,0
BRDA:391,36,0,0
BRDA:391,36,1,0
BRDA:391,36,2,0
BRDA:416,37,0,0
BRDA:416,37,1,0
BRDA:422,38,0,0
BRDA:422,38,1,0
BRDA:435,39,0,0
BRDA:435,39,1,0
BRDA:435,40,0,0
BRDA:435,40,1,0
BRDA:440,41,0,0
BRDA:440,41,1,0
BRDA:448,42,0,0
BRDA:448,42,1,0
BRDA:449,43,0,0
BRDA:449,43,1,0
BRDA:450,44,0,0
BRDA:450,44,1,0
BRDA:464,45,0,0
BRDA:464,45,1,0
BRDA:465,46,0,0
BRDA:465,46,1,0
BRDA:465,46,2,0
BRDA:465,46,3,0
BRDA:465,46,4,0
BRF:99
BRH:0
end_of_record
TN:
SF:public\suggestions\history_home.js
FN:29,initApp
FN:47,loadUserInteractions
FN:65,userHistory
FN:74,(anonymous_3)
FN:110,getTitle
FN:153,showLoading
FN:158,showError
FN:166,updateStats
FN:180,(anonymous_8)
FN:202,search
FN:204,(anonymous_10)
FNF:11
FNH:0
FNDA:0,initApp
FNDA:0,loadUserInteractions
FNDA:0,userHistory
FNDA:0,(anonymous_3)
FNDA:0,getTitle
FNDA:0,showLoading
FNDA:0,showError
FNDA:0,updateStats
FNDA:0,(anonymous_8)
FNDA:0,search
FNDA:0,(anonymous_10)
DA:4,0
DA:15,0
DA:16,0
DA:17,0
DA:18,0
DA:20,0
DA:21,0
DA:24,0
DA:25,0
DA:26,0
DA:30,0
DA:31,0
DA:32,0
DA:34,0
DA:35,0
DA:39,0
DA:40,0
DA:42,0
DA:48,0
DA:49,0
DA:50,0
DA:51,0
DA:58,0
DA:64,0
DA:66,0
DA:67,0
DA:68,0
DA:69,0
DA:70,0
DA:71,0
DA:72,0
DA:73,0
DA:74,0
DA:75,0
DA:76,0
DA:78,0
DA:80,0
DA:81,0
DA:82,0
DA:83,0
DA:84,0
DA:89,0
DA:98,0
DA:99,0
DA:102,0
DA:108,0
DA:109,0
DA:111,0
DA:112,0
DA:113,0
DA:114,0
DA:115,0
DA:116,0
DA:117,0
DA:118,0
DA:126,0
DA:127,0
DA:128,0
DA:129,0
DA:130,0
DA:141,0
DA:154,0
DA:155,0
DA:159,0
DA:160,0
DA:161,0
DA:162,0
DA:167,0
DA:168,0
DA:169,0
DA:170,0
DA:178,0
DA:180,0
DA:181,0
DA:182,0
DA:184,0
DA:185,0
DA:188,0
DA:189,0
DA:191,0
DA:192,0
DA:194,0
DA:195,0
DA:197,0
DA:203,0
DA:204,0
DA:205,0
DA:210,0
LF:88
LH:0
BRDA:20,0,0,0
BRDA:20,0,1,0
BRDA:24,1,0,0
BRDA:24,1,1,0
BRDA:50,2,0,0
BRDA:50,2,1,0
BRDA:51,3,0,0
BRDA:51,3,1,0
BRDA:70,4,0,0
BRDA:70,4,1,0
BRDA:111,5,0,0
BRDA:111,5,1,0
BRDA:115,6,0,0
BRDA:115,6,1,0
BRDA:126,7,0,0
BRDA:126,7,1,0
BRDA:127,8,0,0
BRDA:127,8,1,0
BRDA:135,9,0,0
BRDA:135,9,1,0
BRDA:155,10,0,0
BRDA:155,10,1,0
BRDA:155,11,0,0
BRDA:155,11,1,0
BRDA:160,12,0,0
BRDA:160,12,1,0
BRDA:168,13,0,0
BRDA:168,13,1,0
BRDA:169,14,0,0
BRDA:169,14,1,0
BRDA:170,15,0,0
BRDA:170,15,1,0
BRDA:184,16,0,0
BRDA:184,16,1,0
BRDA:185,17,0,0
BRDA:185,17,1,0
BRDA:185,17,2,0
BRDA:185,17,3,0
BRF:38
BRH:0
end_of_record
TN:
SF:public\suggestions\home.js
FN:30,initApp
FN:45,loadAllDocuments
FN:47,(anonymous_2)
FN:48,(anonymous_3)
FN:57,loadUserInteractions
FN:120,renderAllDocuments
FN:136,(anonymous_6)
FN:142,isDocumentNew
FN:151,createDocCard
FN:183,(anonymous_9)
FN:189,(anonymous_10)
FN:205,incrementViewCount
FN:237,ViewCount
FN:282,openDocument
FN:291,renderDocuments
FN:307,(anonymous_15)
FN:314,toggleFavorite
FN:337,renderAllSections
FN:341,(anonymous_18)
FN:347,(anonymous_19)
FN:359,(anonymous_20)
FN:370,applyFilters
FN:379,(anonymous_22)
FN:384,(anonymous_23)
FN:389,(anonymous_24)
FN:412,(anonymous_25)
FN:417,setupEventListeners
FN:421,(anonymous_27)
FN:424,(anonymous_28)
FN:437,(anonymous_29)
FN:438,(anonymous_30)
FN:445,(anonymous_31)
FN:455,(anonymous_32)
FN:457,(anonymous_33)
FN:458,(anonymous_34)
FN:467,showLoading
FN:472,showError
FN:480,updateStats
FN:488,(anonymous_38)
FN:512,search
FN:514,(anonymous_40)
FN:519,logOut
FN:521,(anonymous_42)
FN:529,popularSuggestions
FN:531,(anonymous_44)
FN:532,(anonymous_45)
FN:536,preferences
FN:539,(anonymous_47)
FN:550,(anonymous_48)
FN:554,(anonymous_49)
FN:560,(anonymous_50)
FN:571,suggestionsByPreference
FN:575,(anonymous_52)
FN:576,(anonymous_53)
FN:583,(anonymous_54)
FN:588,(anonymous_55)
FN:590,(anonymous_56)
FN:593,(anonymous_57)
FNF:58
FNH:0
FNDA:0,initApp
FNDA:0,loadAllDocuments
FNDA:0,(anonymous_2)
FNDA:0,(anonymous_3)
FNDA:0,loadUserInteractions
FNDA:0,renderAllDocuments
FNDA:0,(anonymous_6)
FNDA:0,isDocumentNew
FNDA:0,createDocCard
FNDA:0,(anonymous_9)
FNDA:0,(anonymous_10)
FNDA:0,incrementViewCount
FNDA:0,ViewCount
FNDA:0,openDocument
FNDA:0,renderDocuments
FNDA:0,(anonymous_15)
FNDA:0,toggleFavorite
FNDA:0,renderAllSections
FNDA:0,(anonymous_18)
FNDA:0,(anonymous_19)
FNDA:0,(anonymous_20)
FNDA:0,applyFilters
FNDA:0,(anonymous_22)
FNDA:0,(anonymous_23)
FNDA:0,(anonymous_24)
FNDA:0,(anonymous_25)
FNDA:0,setupEventListeners
FNDA:0,(anonymous_27)
FNDA:0,(anonymous_28)
FNDA:0,(anonymous_29)
FNDA:0,(anonymous_30)
FNDA:0,(anonymous_31)
FNDA:0,(anonymous_32)
FNDA:0,(anonymous_33)
FNDA:0,(anonymous_34)
FNDA:0,showLoading
FNDA:0,showError
FNDA:0,updateStats
FNDA:0,(anonymous_38)
FNDA:0,search
FNDA:0,(anonymous_40)
FNDA:0,logOut
FNDA:0,(anonymous_42)
FNDA:0,popularSuggestions
FNDA:0,(anonymous_44)
FNDA:0,(anonymous_45)
FNDA:0,preferences
FNDA:0,(anonymous_47)
FNDA:0,(anonymous_48)
FNDA:0,(anonymous_49)
FNDA:0,(anonymous_50)
FNDA:0,suggestionsByPreference
FNDA:0,(anonymous_52)
FNDA:0,(anonymous_53)
FNDA:0,(anonymous_54)
FNDA:0,(anonymous_55)
FNDA:0,(anonymous_56)
FNDA:0,(anonymous_57)
DA:4,0
DA:15,0
DA:16,0
DA:17,0
DA:18,0
DA:19,0
DA:21,0
DA:22,0
DA:25,0
DA:26,0
DA:27,0
DA:31,0
DA:32,0
DA:33,0
DA:34,0
DA:35,0
DA:36,0
DA:39,0
DA:40,0
DA:42,0
DA:46,0
DA:47,0
DA:48,0
DA:53,0
DA:58,0
DA:59,0
DA:60,0
DA:61,0
DA:67,0
DA:68,0
DA:70,0
DA:121,0
DA:122,0
DA:124,0
DA:126,0
DA:127,0
DA:133,0
DA:136,0
DA:137,0
DA:143,0
DA:144,0
DA:145,0
DA:146,0
DA:152,0
DA:153,0
DA:155,0
DA:156,0
DA:157,0
DA:158,0
DA:159,0
DA:162,0
DA:182,0
DA:183,0
DA:184,0
DA:185,0
DA:188,0
DA:189,0
DA:190,0
DA:191,0
DA:193,0
DA:194,0
DA:199,0
DA:206,0
DA:207,0
DA:209,0
DA:210,0
DA:212,0
DA:213,0
DA:214,0
DA:215,0
DA:218,0
DA:229,0
DA:230,0
DA:232,0
DA:238,0
DA:239,0
DA:240,0
DA:242,0
DA:243,0
DA:244,0
DA:245,0
DA:246,0
DA:247,0
DA:248,0
DA:250,0
DA:253,0
DA:257,0
DA:272,0
DA:283,0
DA:284,0
DA:286,0
DA:292,0
DA:293,0
DA:295,0
DA:297,0
DA:298,0
DA:304,0
DA:307,0
DA:308,0
DA:315,0
DA:316,0
DA:317,0
DA:319,0
DA:320,0
DA:321,0
DA:324,0
DA:328,0
DA:329,0
DA:330,0
DA:332,0
DA:339,0
DA:341,0
DA:342,0
DA:345,0
DA:346,0
DA:347,0
DA:350,0
DA:351,0
DA:353,0
DA:356,0
DA:359,0
DA:360,0
DA:363,0
DA:366,0
DA:371,0
DA:372,0
DA:373,0
DA:375,0
DA:378,0
DA:379,0
DA:383,0
DA:384,0
DA:388,0
DA:389,0
DA:390,0
DA:397,0
DA:398,0
DA:400,0
DA:402,0
DA:403,0
DA:409,0
DA:412,0
DA:413,0
DA:419,0
DA:420,0
DA:421,0
DA:422,0
DA:423,0
DA:424,0
DA:425,0
DA:429,0
DA:431,0
DA:437,0
DA:438,0
DA:439,0
DA:440,0
DA:445,0
DA:446,0
DA:449,0
DA:450,0
DA:451,0
DA:455,0
DA:456,0
DA:457,0
DA:458,0
DA:459,0
DA:460,0
DA:468,0
DA:469,0
DA:473,0
DA:474,0
DA:475,0
DA:476,0
DA:481,0
DA:482,0
DA:483,0
DA:484,0
DA:486,0
DA:488,0
DA:489,0
DA:490,0
DA:492,0
DA:493,0
DA:495,0
DA:496,0
DA:498,0
DA:499,0
DA:501,0
DA:502,0
DA:504,0
DA:505,0
DA:507,0
DA:513,0
DA:514,0
DA:515,0
DA:520,0
DA:521,0
DA:522,0
DA:523,0
DA:525,0
DA:530,0
DA:531,0
DA:532,0
DA:538,0
DA:539,0
DA:540,0
DA:542,0
DA:550,0
DA:551,0
DA:552,0
DA:554,0
DA:555,0
DA:556,0
DA:560,0
DA:561,0
DA:564,0
DA:566,0
DA:569,0
DA:574,0
DA:575,0
DA:577,0
DA:579,0
DA:580,0
DA:581,0
DA:582,0
DA:583,0
DA:584,0
DA:586,0
DA:588,0
DA:590,0
DA:593,0
DA:594,0
DA:595,0
LF:233
LH:0
BRDA:21,0,0,0
BRDA:21,0,1,0
BRDA:25,1,0,0
BRDA:25,1,1,0
BRDA:60,2,0,0
BRDA:60,2,1,0
BRDA:61,3,0,0
BRDA:61,3,1,0
BRDA:122,4,0,0
BRDA:122,4,1,0
BRDA:126,5,0,0
BRDA:126,5,1,0
BRDA:143,6,0,0
BRDA:143,6,1,0
BRDA:155,7,0,0
BRDA:155,7,1,0
BRDA:163,8,0,0
BRDA:163,8,1,0
BRDA:165,9,0,0
BRDA:165,9,1,0
BRDA:166,10,0,0
BRDA:166,10,1,0
BRDA:167,11,0,0
BRDA:167,11,1,0
BRDA:169,12,0,0
BRDA:169,12,1,0
BRDA:173,13,0,0
BRDA:173,13,1,0
BRDA:174,14,0,0
BRDA:174,14,1,0
BRDA:213,15,0,0
BRDA:213,15,1,0
BRDA:246,16,0,0
BRDA:246,16,1,0
BRDA:286,17,0,0
BRDA:286,17,1,0
BRDA:293,18,0,0
BRDA:293,18,1,0
BRDA:297,19,0,0
BRDA:297,19,1,0
BRDA:297,20,0,0
BRDA:297,20,1,0
BRDA:319,21,0,0
BRDA:319,21,1,0
BRDA:325,22,0,0
BRDA:325,22,1,0
BRDA:350,23,0,0
BRDA:350,23,1,0
BRDA:378,24,0,0
BRDA:378,24,1,0
BRDA:378,25,0,0
BRDA:378,25,1,0
BRDA:383,26,0,0
BRDA:383,26,1,0
BRDA:383,27,0,0
BRDA:383,27,1,0
BRDA:388,28,0,0
BRDA:388,28,1,0
BRDA:390,29,0,0
BRDA:390,29,1,0
BRDA:390,29,2,0
BRDA:398,30,0,0
BRDA:398,30,1,0
BRDA:402,31,0,0
BRDA:402,31,1,0
BRDA:420,32,0,0
BRDA:420,32,1,0
BRDA:423,33,0,0
BRDA:423,33,1,0
BRDA:425,34,0,0
BRDA:425,34,1,0
BRDA:425,34,2,0
BRDA:450,35,0,0
BRDA:450,35,1,0
BRDA:456,36,0,0
BRDA:456,36,1,0
BRDA:469,37,0,0
BRDA:469,37,1,0
BRDA:469,38,0,0
BRDA:469,38,1,0
BRDA:474,39,0,0
BRDA:474,39,1,0
BRDA:482,40,0,0
BRDA:482,40,1,0
BRDA:483,41,0,0
BRDA:483,41,1,0
BRDA:484,42,0,0
BRDA:484,42,1,0
BRDA:492,43,0,0
BRDA:492,43,1,0
BRDA:493,44,0,0
BRDA:493,44,1,0
BRDA:493,44,2,0
BRDA:493,44,3,0
BRDA:493,44,4,0
BRDA:532,45,0,0
BRDA:532,45,1,0
BRDA:532,46,0,0
BRDA:532,46,1,0
BRDA:538,47,0,0
BRDA:538,47,1,0
BRDA:551,48,0,0
BRDA:551,48,1,0
BRDA:555,49,0,0
BRDA:555,49,1,0
BRDA:556,50,0,0
BRDA:556,50,1,0
BRDA:560,51,0,0
BRDA:560,51,1,0
BRDA:561,52,0,0
BRDA:561,52,1,0
BRDA:569,53,0,0
BRDA:569,53,1,0
BRDA:579,54,0,0
BRDA:579,54,1,0
BRDA:580,55,0,0
BRDA:580,55,1,0
BRDA:581,56,0,0
BRDA:581,56,1,0
BRDA:582,57,0,0
BRDA:582,57,1,0
BRDA:583,58,0,0
BRDA:583,58,1,0
BRDA:584,59,0,0
BRDA:584,59,1,0
BRF:125
BRH:0
end_of_record
TN:
SF:public\user signup\firebase.js
FNF:0
FNH:0
DA:2,0
DA:3,0
LF:2
LH:0
BRF:0
BRH:0
end_of_record
TN:
SF:public\user signup\outh-callback.js
FNF:0
FNH:0
LF:0
LH:0
BRF:0
BRH:0
end_of_record
TN:
SF:public\user signup\signup.js
FN:34,(anonymous_0)
FN:72,trackActivity
FNF:2
FNH:0
FNDA:0,(anonymous_0)
FNDA:0,trackActivity
DA:20,0
DA:29,0
DA:30,0
DA:31,0
DA:32,0
DA:34,0
DA:35,0
DA:36,0
DA:37,0
DA:38,0
DA:40,0
DA:41,0
DA:44,0
DA:45,0
DA:46,0
DA:48,0
DA:51,0
DA:52,0
DA:56,0
DA:58,0
DA:60,0
DA:64,0
DA:67,0
DA:68,0
DA:73,0
DA:74,0
DA:75,0
DA:77,0
DA:78,0
DA:79,0
DA:80,0
DA:89,0
DA:92,0
LF:33
LH:0
BRDA:48,0,0,0
BRDA:48,0,1,0
BRDA:77,1,0,0
BRDA:77,1,1,0
BRDA:79,2,0,0
BRDA:79,2,1,0
BRF:6
BRH:0
end_of_record
TN:
SF:public\user-interface\user-filtered.js
FN:5,(anonymous_0)
FNF:1
FNH:0
FNDA:0,(anonymous_0)
DA:5,0
DA:8,0
LF:2
LH:0
BRF:0
BRH:0
end_of_record
TN:
SF:public\user-interface\user-search.js
FN:5,(anonymous_0)
FNF:1
FNH:0
FNDA:0,(anonymous_0)
DA:5,0
DA:7,0
LF:2
LH:0
BRF:0
BRH:0
end_of_record
TN:
SF:public\user_settings\settings.js
FN:25,(anonymous_0)
FN:44,(anonymous_1)
FN:46,(anonymous_2)
FN:50,(anonymous_3)
FN:55,fetchUniqueValues
FN:60,(anonymous_5)
FN:64,(anonymous_6)
FN:79,populateDropdownOptions
FN:94,(anonymous_8)
FN:119,(anonymous_9)
FN:121,(anonymous_10)
FN:131,(anonymous_11)
FN:133,(anonymous_12)
FN:135,(anonymous_13)
FN:150,setInput
FN:172,(anonymous_15)
FN:178,(anonymous_16)
FN:181,(anonymous_17)
FN:187,(anonymous_18)
FN:191,(anonymous_19)
FN:195,(anonymous_20)
FN:199,(anonymous_21)
FN:203,(anonymous_22)
FN:229,(anonymous_23)
FN:237,(anonymous_24)
FN:243,(anonymous_25)
FN:255,toggleDateInputs
FNF:27
FNH:0
FNDA:0,(anonymous_0)
FNDA:0,(anonymous_1)
FNDA:0,(anonymous_2)
FNDA:0,(anonymous_3)
FNDA:0,fetchUniqueValues
FNDA:0,(anonymous_5)
FNDA:0,(anonymous_6)
FNDA:0,populateDropdownOptions
FNDA:0,(anonymous_8)
FNDA:0,(anonymous_9)
FNDA:0,(anonymous_10)
FNDA:0,(anonymous_11)
FNDA:0,(anonymous_12)
FNDA:0,(anonymous_13)
FNDA:0,setInput
FNDA:0,(anonymous_15)
FNDA:0,(anonymous_16)
FNDA:0,(anonymous_17)
FNDA:0,(anonymous_18)
FNDA:0,(anonymous_19)
FNDA:0,(anonymous_20)
FNDA:0,(anonymous_21)
FNDA:0,(anonymous_22)
FNDA:0,(anonymous_23)
FNDA:0,(anonymous_24)
FNDA:0,(anonymous_25)
FNDA:0,toggleDateInputs
DA:11,0
DA:22,0
DA:23,0
DA:25,0
DA:26,0
DA:27,0
DA:28,0
DA:29,0
DA:30,0
DA:33,0
DA:34,0
DA:35,0
DA:36,0
DA:37,0
DA:39,0
DA:40,0
DA:42,0
DA:44,0
DA:45,0
DA:46,0
DA:47,0
DA:48,0
DA:49,0
DA:50,0
DA:56,0
DA:57,0
DA:58,0
DA:60,0
DA:61,0
DA:62,0
DA:63,0
DA:64,0
DA:66,0
DA:71,0
DA:73,0
DA:74,0
DA:80,0
DA:81,0
DA:83,0
DA:85,0
DA:87,0
DA:88,0
DA:89,0
DA:92,0
DA:94,0
DA:95,0
DA:96,0
DA:98,0
DA:100,0
DA:108,0
DA:111,0
DA:112,0
DA:117,0
DA:118,0
DA:119,0
DA:120,0
DA:121,0
DA:122,0
DA:123,0
DA:129,0
DA:130,0
DA:131,0
DA:132,0
DA:133,0
DA:135,0
DA:136,0
DA:143,0
DA:151,0
DA:152,0
DA:153,0
DA:154,0
DA:156,0
DA:161,0
DA:162,0
DA:163,0
DA:164,0
DA:165,0
DA:166,0
DA:167,0
DA:170,0
DA:171,0
DA:172,0
DA:173,0
DA:178,0
DA:179,0
DA:181,0
DA:182,0
DA:183,0
DA:186,0
DA:187,0
DA:190,0
DA:191,0
DA:194,0
DA:195,0
DA:198,0
DA:199,0
DA:202,0
DA:203,0
DA:205,0
DA:221,0
DA:224,0
DA:225,0
DA:226,0
DA:227,0
DA:229,0
DA:230,0
DA:231,0
DA:232,0
DA:237,0
DA:238,0
DA:239,0
DA:243,0
DA:244,0
DA:245,0
DA:246,0
DA:251,0
DA:252,0
DA:253,0
DA:256,0
DA:257,0
DA:258,0
DA:261,0
DA:262,0
LF:123
LH:0
BRDA:35,0,0,0
BRDA:35,0,1,0
BRDA:36,1,0,0
BRDA:36,1,1,0
BRDA:39,2,0,0
BRDA:39,2,1,0
BRDA:40,3,0,0
BRDA:40,3,1,0
BRDA:42,4,0,0
BRDA:42,4,1,0
BRDA:49,5,0,0
BRDA:49,5,1,0
BRDA:62,6,0,0
BRDA:62,6,1,0
BRDA:63,7,0,0
BRDA:63,7,1,0
BRDA:81,8,0,0
BRDA:81,8,1,0
BRDA:87,9,0,0
BRDA:87,9,1,0
BRDA:111,10,0,0
BRDA:111,10,1,0
BRDA:111,11,0,0
BRDA:111,11,1,0
BRDA:111,11,2,0
BRDA:118,12,0,0
BRDA:118,12,1,0
BRDA:123,13,0,0
BRDA:123,13,1,0
BRDA:130,14,0,0
BRDA:130,14,1,0
BRDA:152,15,0,0
BRDA:152,15,1,0
BRDA:153,16,0,0
BRDA:153,16,1,0
BRDA:156,17,0,0
BRDA:156,17,1,0
BRDA:162,18,0,0
BRDA:162,18,1,0
BRDA:163,19,0,0
BRDA:163,19,1,0
BRDA:167,20,0,0
BRDA:167,20,1,0
BRDA:170,21,0,0
BRDA:170,21,1,0
BRDA:171,22,0,0
BRDA:171,22,1,0
BRDA:182,23,0,0
BRDA:182,23,1,0
BRDA:207,24,0,0
BRDA:207,24,1,0
BRDA:208,25,0,0
BRDA:208,25,1,0
BRDA:209,26,0,0
BRDA:209,26,1,0
BRDA:210,27,0,0
BRDA:210,27,1,0
BRDA:211,28,0,0
BRDA:211,28,1,0
BRDA:211,29,0,0
BRDA:211,29,1,0
BRDA:215,30,0,0
BRDA:215,30,1,0
BRDA:216,31,0,0
BRDA:216,31,1,0
BRDA:231,32,0,0
BRDA:231,32,1,0
BRDA:238,33,0,0
BRDA:238,33,1,0
BRDA:244,34,0,0
BRDA:244,34,1,0
BRF:71
BRH:0
end_of_record
