TN:
SF:public\admin\admin-add.js
FN:31,(anonymous_0)
FN:39,handleFileTypeChange
FN:69,(anonymous_2)
FN:101,(anonymous_3)
FN:102,(anonymous_4)
FN:124,(anonymous_5)
FN:130,(anonymous_6)
FN:139,showError
FN:145,showSuccess
FNF:9
FNH:7
FNDA:2,(anonymous_0)
FNDA:2,handleFileTypeChange
FNDA:2,(anonymous_2)
FNDA:1,(anonymous_3)
FNDA:1,(anonymous_4)
FNDA:0,(anonymous_5)
FNDA:0,(anonymous_6)
FNDA:1,showError
FNDA:1,showSuccess
DA:4,4
DA:5,4
DA:6,4
DA:7,4
DA:8,4
DA:10,4
DA:11,4
DA:12,4
DA:13,4
DA:15,4
DA:16,4
DA:17,4
DA:20,4
DA:28,4
DA:31,4
DA:32,2
DA:33,2
DA:34,2
DA:38,4
DA:40,2
DA:43,2
DA:44,0
DA:45,0
DA:46,0
DA:47,0
DA:49,2
DA:50,2
DA:51,2
DA:52,2
DA:54,2
DA:55,2
DA:57,0
DA:62,2
DA:63,2
DA:64,2
DA:65,2
DA:69,4
DA:70,2
DA:71,2
DA:73,2
DA:74,2
DA:77,2
DA:78,2
DA:79,1
DA:82,0
DA:83,0
DA:84,0
DA:89,1
DA:92,1
DA:101,1
DA:102,1
DA:110,1
DA:112,1
DA:113,1
DA:114,1
DA:115,0
DA:118,1
DA:123,1
DA:124,0
DA:125,0
DA:129,1
DA:130,1
DA:133,0
DA:134,0
DA:140,1
DA:141,1
DA:142,1
DA:146,1
DA:147,1
DA:148,1
DA:153,4
DA:155,4
DA:162,0
DA:163,0
DA:164,0
LF:75
LH:59
BRDA:33,0,0,2
BRDA:33,0,1,0
BRDA:43,1,0,0
BRDA:43,1,1,2
BRDA:54,2,0,2
BRDA:54,2,1,0
BRDA:62,3,0,2
BRDA:62,3,1,0
BRDA:77,4,0,2
BRDA:77,4,1,0
BRDA:78,5,0,1
BRDA:78,5,1,1
BRDA:83,6,0,0
BRDA:83,6,1,0
BRDA:83,7,0,0
BRDA:83,7,1,0
BRDA:89,8,0,1
BRDA:89,8,1,0
BRDA:99,9,0,1
BRDA:99,9,1,0
BRDA:105,10,0,1
BRDA:105,10,1,0
BRDA:114,11,0,0
BRDA:114,11,1,1
BRDA:123,12,0,0
BRDA:123,12,1,1
BRDA:125,13,0,0
BRDA:125,13,1,0
BRDA:153,14,0,4
BRDA:153,14,1,0
BRDA:153,15,0,4
BRDA:153,15,1,4
BRF:32
BRH:15
end_of_record
TN:
SF:public\admin\hierarcy.js
FN:18,loadDataFromFirestore
FN:23,(anonymous_1)
FN:30,(anonymous_2)
FN:44,addDirectoryToHierarchy
FN:46,(anonymous_4)
FN:89,addDocumentToHierarchy
FN:91,(anonymous_6)
FN:144,saveDirectoryToFirestore
FN:176,initializeUI
FN:190,(anonymous_9)
FN:197,(anonymous_10)
FN:204,(anonymous_11)
FN:259,goToUpload
FN:274,(anonymous_13)
FN:276,(anonymous_14)
FN:287,createDirectoryStructure
FN:291,(anonymous_16)
FN:303,(anonymous_17)
FN:346,buildDirectoryTree
FN:368,(anonymous_19)
FN:377,(anonymous_20)
FN:378,(anonymous_21)
FN:398,(anonymous_22)
FN:399,(anonymous_23)
FN:404,(anonymous_24)
FN:411,buildDirectoryItem
FN:413,(anonymous_26)
FN:435,(anonymous_27)
FN:445,navigateToPath
FN:447,(anonymous_29)
FN:460,expandDirectoryPath
FN:463,(anonymous_31)
FN:490,updatePathNavigation
FN:495,(anonymous_33)
FN:501,(anonymous_34)
FN:517,(anonymous_35)
FN:518,(anonymous_36)
FN:524,(anonymous_37)
FN:526,(anonymous_38)
FN:535,updateContentGrid
FN:548,(anonymous_40)
FN:581,(anonymous_41)
FN:607,findDirectoryByPath
FN:609,(anonymous_43)
FN:618,(anonymous_44)
FN:624,(anonymous_45)
FNF:46
FNH:20
FNDA:77,loadDataFromFirestore
FNDA:44,(anonymous_1)
FNDA:0,(anonymous_2)
FNDA:45,addDirectoryToHierarchy
FNDA:90,(anonymous_4)
FNDA:1,addDocumentToHierarchy
FNDA:1,(anonymous_6)
FNDA:0,saveDirectoryToFirestore
FNDA:0,initializeUI
FNDA:0,(anonymous_9)
FNDA:0,(anonymous_10)
FNDA:0,(anonymous_11)
FNDA:0,goToUpload
FNDA:0,(anonymous_13)
FNDA:0,(anonymous_14)
FNDA:0,createDirectoryStructure
FNDA:0,(anonymous_16)
FNDA:0,(anonymous_17)
FNDA:0,buildDirectoryTree
FNDA:0,(anonymous_19)
FNDA:0,(anonymous_20)
FNDA:0,(anonymous_21)
FNDA:0,(anonymous_22)
FNDA:0,(anonymous_23)
FNDA:0,(anonymous_24)
FNDA:0,buildDirectoryItem
FNDA:0,(anonymous_26)
FNDA:0,(anonymous_27)
FNDA:7,navigateToPath
FNDA:14,(anonymous_29)
FNDA:7,expandDirectoryPath
FNDA:8,(anonymous_31)
FNDA:7,updatePathNavigation
FNDA:4,(anonymous_33)
FNDA:18,(anonymous_34)
FNDA:7,(anonymous_35)
FNDA:0,(anonymous_36)
FNDA:0,(anonymous_37)
FNDA:0,(anonymous_38)
FNDA:7,updateContentGrid
FNDA:9,(anonymous_40)
FNDA:1,(anonymous_41)
FNDA:8,findDirectoryByPath
FNDA:29,(anonymous_43)
FNDA:77,(anonymous_44)
FNDA:0,(anonymous_45)
DA:3,15
DA:13,15
DA:14,15
DA:19,77
DA:21,77
DA:22,77
DA:23,22
DA:24,44
DA:28,22
DA:29,22
DA:30,0
DA:31,0
DA:35,0
DA:38,77
DA:45,45
DA:46,90
DA:48,45
DA:49,45
DA:51,45
DA:52,23
DA:53,23
DA:54,23
DA:55,23
DA:59,23
DA:60,23
DA:61,23
DA:62,32
DA:66,20
DA:67,20
DA:68,20
DA:72,23
DA:73,3
DA:81,3
DA:82,3
DA:90,1
DA:91,1
DA:93,1
DA:94,1
DA:97,1
DA:98,0
DA:99,0
DA:100,0
DA:101,0
DA:102,0
DA:106,0
DA:107,0
DA:110,0
DA:111,0
DA:112,0
DA:119,0
DA:120,0
DA:122,0
DA:127,1
DA:128,1
DA:139,1
DA:140,1
DA:145,0
DA:147,0
DA:157,0
DA:158,0
DA:159,0
DA:163,0
DA:164,0
DA:165,0
DA:168,0
DA:169,0
DA:178,0
DA:179,0
DA:180,0
DA:181,0
DA:184,0
DA:185,0
DA:186,0
DA:189,0
DA:190,0
DA:191,0
DA:196,0
DA:197,0
DA:198,0
DA:203,0
DA:204,0
DA:205,0
DA:208,0
DA:209,0
DA:210,0
DA:215,0
DA:223,0
DA:225,0
DA:230,0
DA:231,0
DA:234,0
DA:235,0
DA:236,0
DA:237,0
DA:238,0
DA:242,0
DA:243,0
DA:244,0
DA:245,0
DA:247,0
DA:249,0
DA:250,0
DA:256,0
DA:257,0
DA:260,0
DA:261,0
DA:264,0
DA:265,0
DA:267,0
DA:268,0
DA:272,0
DA:273,0
DA:274,0
DA:275,0
DA:276,0
DA:277,0
DA:278,0
DA:289,0
DA:291,0
DA:293,0
DA:294,0
DA:296,0
DA:297,0
DA:300,0
DA:303,0
DA:304,0
DA:308,0
DA:310,0
DA:318,0
DA:320,0
DA:321,0
DA:324,0
DA:325,0
DA:328,0
DA:331,0
DA:332,0
DA:337,0
DA:341,0
DA:347,0
DA:348,0
DA:351,0
DA:352,0
DA:359,0
DA:362,0
DA:363,0
DA:364,0
DA:365,0
DA:366,0
DA:368,0
DA:369,0
DA:370,0
DA:371,0
DA:377,0
DA:378,0
DA:379,0
DA:381,0
DA:382,0
DA:384,0
DA:386,0
DA:387,0
DA:388,0
DA:390,0
DA:391,0
DA:398,0
DA:399,0
DA:400,0
DA:401,0
DA:404,0
DA:405,0
DA:412,0
DA:413,0
DA:415,0
DA:416,0
DA:425,0
DA:428,0
DA:429,0
DA:430,0
DA:431,0
DA:432,0
DA:435,0
DA:436,0
DA:437,0
DA:438,0
DA:446,7
DA:447,14
DA:450,7
DA:453,7
DA:456,7
DA:461,7
DA:463,8
DA:464,4
DA:467,4
DA:468,4
DA:471,4
DA:472,4
DA:474,0
DA:475,0
DA:478,0
DA:479,0
DA:480,0
DA:481,0
DA:482,0
DA:491,7
DA:492,7
DA:494,7
DA:495,7
DA:496,4
DA:497,4
DA:500,4
DA:501,4
DA:502,18
DA:503,4
DA:507,4
DA:509,4
DA:512,0
DA:517,7
DA:518,7
DA:519,0
DA:520,0
DA:521,0
DA:524,0
DA:525,0
DA:526,0
DA:527,0
DA:536,7
DA:537,7
DA:538,7
DA:541,7
DA:543,7
DA:544,6
DA:545,6
DA:548,6
DA:549,9
DA:550,9
DA:551,8
DA:552,8
DA:553,2
DA:554,6
DA:555,3
DA:556,3
DA:557,0
DA:558,3
DA:559,3
DA:560,0
DA:561,0
DA:563,0
DA:566,8
DA:567,8
DA:568,8
DA:569,8
DA:578,8
DA:581,8
DA:582,1
DA:583,1
DA:585,1
DA:586,1
DA:589,0
DA:590,0
DA:591,0
DA:593,0
DA:601,1
DA:602,1
DA:608,8
DA:609,8
DA:610,29
DA:611,8
DA:614,8
DA:618,15
DA:619,77
DA:622,77
DA:623,77
DA:624,77
DA:625,0
DA:632,15
LF:274
LH:107
BRDA:45,0,0,45
BRDA:45,0,1,22
BRDA:55,1,0,23
BRDA:55,1,1,0
BRDA:60,2,0,23
BRDA:60,2,1,0
BRDA:62,3,0,20
BRDA:62,3,1,12
BRDA:63,4,0,32
BRDA:63,4,1,32
BRDA:72,5,0,3
BRDA:72,5,1,20
BRDA:74,6,0,3
BRDA:74,6,1,0
BRDA:78,7,0,3
BRDA:78,7,1,0
BRDA:79,8,0,3
BRDA:79,8,1,0
BRDA:90,9,0,1
BRDA:90,9,1,0
BRDA:99,10,0,0
BRDA:99,10,1,0
BRDA:102,11,0,0
BRDA:102,11,1,0
BRDA:103,12,0,0
BRDA:103,12,1,0
BRDA:110,13,0,0
BRDA:110,13,1,0
BRDA:131,14,0,1
BRDA:131,14,1,0
BRDA:133,15,0,1
BRDA:133,15,1,1
BRDA:134,16,0,1
BRDA:134,16,1,1
BRDA:139,17,0,1
BRDA:139,17,1,0
BRDA:153,18,0,0
BRDA:153,18,1,0
BRDA:157,19,0,0
BRDA:157,19,1,0
BRDA:159,20,0,0
BRDA:159,20,1,0
BRDA:189,21,0,0
BRDA:189,21,1,0
BRDA:189,22,0,0
BRDA:189,22,1,0
BRDA:196,23,0,0
BRDA:196,23,1,0
BRDA:196,24,0,0
BRDA:196,24,1,0
BRDA:203,25,0,0
BRDA:203,25,1,0
BRDA:203,26,0,0
BRDA:203,26,1,0
BRDA:210,27,0,0
BRDA:210,27,1,0
BRDA:236,28,0,0
BRDA:236,28,1,0
BRDA:237,29,0,0
BRDA:237,29,1,0
BRDA:260,30,0,0
BRDA:260,30,1,0
BRDA:264,31,0,0
BRDA:264,31,1,0
BRDA:267,32,0,0
BRDA:267,32,1,0
BRDA:273,33,0,0
BRDA:273,33,1,0
BRDA:278,34,0,0
BRDA:278,34,1,0
BRDA:300,35,0,0
BRDA:300,35,1,0
BRDA:304,36,0,0
BRDA:304,36,1,0
BRDA:308,37,0,0
BRDA:308,37,1,0
BRDA:363,38,0,0
BRDA:363,38,1,0
BRDA:363,39,0,0
BRDA:363,39,1,0
BRDA:370,40,0,0
BRDA:370,40,1,0
BRDA:370,41,0,0
BRDA:370,41,1,0
BRDA:384,42,0,0
BRDA:384,42,1,0
BRDA:386,43,0,0
BRDA:386,43,1,0
BRDA:412,44,0,0
BRDA:412,44,1,0
BRDA:412,44,2,0
BRDA:413,45,0,0
BRDA:413,45,1,0
BRDA:418,46,0,0
BRDA:418,46,1,0
BRDA:428,47,0,0
BRDA:428,47,1,0
BRDA:437,48,0,0
BRDA:437,48,1,0
BRDA:437,49,0,0
BRDA:437,49,1,0
BRDA:461,50,0,3
BRDA:461,50,1,4
BRDA:472,51,0,0
BRDA:472,51,1,4
BRDA:478,52,0,0
BRDA:478,52,1,0
BRDA:481,53,0,0
BRDA:481,53,1,0
BRDA:502,54,0,4
BRDA:502,54,1,14
BRDA:507,55,0,4
BRDA:507,55,1,0
BRDA:525,56,0,0
BRDA:525,56,1,0
BRDA:543,57,0,6
BRDA:543,57,1,1
BRDA:543,58,0,7
BRDA:543,58,1,7
BRDA:543,58,2,7
BRDA:550,59,0,8
BRDA:550,59,1,1
BRDA:552,60,0,2
BRDA:552,60,1,6
BRDA:554,61,0,3
BRDA:554,61,1,3
BRDA:554,62,0,6
BRDA:554,62,1,3
BRDA:556,63,0,0
BRDA:556,63,1,3
BRDA:558,64,0,3
BRDA:558,64,1,0
BRDA:560,65,0,0
BRDA:560,65,1,0
BRDA:574,66,0,6
BRDA:574,66,1,2
BRDA:585,67,0,1
BRDA:585,67,1,0
BRDA:589,68,0,0
BRDA:589,68,1,0
BRDA:610,69,0,8
BRDA:610,69,1,21
BRDA:610,70,0,29
BRDA:610,70,1,8
BRDA:623,71,0,77
BRDA:623,71,1,0
BRF:146
BRH:49
end_of_record
TN:
SF:public\admin\moveFiles.js
FN:7,(anonymous_0)
FN:30,activateMoveMode
FN:75,moveFileHere
FN:95,(anonymous_3)
FN:105,cancelMove
FN:110,getCurrentPath
FN:114,(anonymous_6)
FN:124,enhanceContentGrid
FN:125,(anonymous_8)
FN:134,addMoveButtonsToItems
FN:137,(anonymous_10)
FN:148,(anonymous_11)
FN:158,showStatus
FN:164,(anonymous_13)
FNF:14
FNH:0
FNDA:0,(anonymous_0)
FNDA:0,activateMoveMode
FNDA:0,moveFileHere
FNDA:0,(anonymous_3)
FNDA:0,cancelMove
FNDA:0,getCurrentPath
FNDA:0,(anonymous_6)
FNDA:0,enhanceContentGrid
FNDA:0,(anonymous_8)
FNDA:0,addMoveButtonsToItems
FNDA:0,(anonymous_10)
FNDA:0,(anonymous_11)
FNDA:0,showStatus
FNDA:0,(anonymous_13)
DA:3,0
DA:4,0
DA:5,0
DA:7,0
DA:8,0
DA:11,0
DA:12,0
DA:13,0
DA:14,0
DA:19,0
DA:20,0
DA:21,0
DA:24,0
DA:31,0
DA:33,0
DA:34,0
DA:35,0
DA:37,0
DA:38,0
DA:40,0
DA:41,0
DA:52,0
DA:55,0
DA:59,0
DA:60,0
DA:62,0
DA:67,0
DA:68,0
DA:76,0
DA:78,0
DA:79,0
DA:81,0
DA:92,0
DA:94,0
DA:95,0
DA:96,0
DA:100,0
DA:101,0
DA:106,0
DA:111,0
DA:112,0
DA:115,0
DA:116,0
DA:119,0
DA:120,0
DA:125,0
DA:126,0
DA:127,0
DA:129,0
DA:130,0
DA:131,0
DA:135,0
DA:137,0
DA:138,0
DA:139,0
DA:144,0
DA:145,0
DA:146,0
DA:147,0
DA:148,0
DA:149,0
DA:150,0
DA:152,0
DA:159,0
DA:160,0
DA:161,0
DA:162,0
DA:163,0
DA:164,0
LF:69
LH:0
BRDA:20,0,0,0
BRDA:20,0,1,0
BRDA:34,1,0,0
BRDA:34,1,1,0
BRDA:60,2,0,0
BRDA:60,2,1,0
BRDA:76,3,0,0
BRDA:76,3,1,0
BRDA:92,4,0,0
BRDA:92,4,1,0
BRDA:115,5,0,0
BRDA:115,5,1,0
BRDA:115,6,0,0
BRDA:115,6,1,0
BRDA:115,6,2,0
BRDA:120,7,0,0
BRDA:120,7,1,0
BRDA:126,8,0,0
BRDA:126,8,1,0
BRDA:135,9,0,0
BRDA:135,9,1,0
BRDA:139,10,0,0
BRDA:139,10,1,0
BRDA:140,11,0,0
BRDA:140,11,1,0
BRDA:140,11,2,0
BRDA:158,12,0,0
BRDA:159,13,0,0
BRDA:159,13,1,0
BRDA:163,14,0,0
BRDA:163,14,1,0
BRF:31
BRH:0
end_of_record
TN:
SF:public\admin\script.js
FNF:0
FNH:0
DA:7,0
DA:17,0
DA:18,0
DA:19,0
LF:4
LH:0
BRF:0
BRH:0
end_of_record
TN:
SF:public\admin sign in\admin_sign_in.js
FN:44,(anonymous_0)
FN:61,(anonymous_1)
FN:85,checkAdmin
FN:90,(anonymous_3)
FN:109,handleUserAccess
FN:123,(anonymous_5)
FN:137,(anonymous_6)
FN:146,(anonymous_7)
FN:148,(anonymous_8)
FN:155,(anonymous_9)
FNF:10
FNH:0
FNDA:0,(anonymous_0)
FNDA:0,(anonymous_1)
FNDA:0,checkAdmin
FNDA:0,(anonymous_3)
FNDA:0,handleUserAccess
FNDA:0,(anonymous_5)
FNDA:0,(anonymous_6)
FNDA:0,(anonymous_7)
FNDA:0,(anonymous_8)
FNDA:0,(anonymous_9)
DA:8,0
DA:19,0
DA:20,0
DA:21,0
DA:22,0
DA:23,0
DA:26,0
DA:27,0
DA:28,0
DA:29,0
DA:30,0
DA:31,0
DA:32,0
DA:33,0
DA:34,0
DA:35,0
DA:38,0
DA:44,0
DA:45,0
DA:47,0
DA:48,0
DA:49,0
DA:52,0
DA:53,0
DA:54,0
DA:61,0
DA:62,0
DA:63,0
DA:64,0
DA:66,0
DA:67,0
DA:70,0
DA:71,0
DA:72,0
DA:75,0
DA:76,0
DA:86,0
DA:87,0
DA:88,0
DA:90,0
DA:91,0
DA:92,0
DA:93,0
DA:94,0
DA:98,0
DA:100,0
DA:101,0
DA:110,0
DA:112,0
DA:114,0
DA:115,0
DA:116,0
DA:119,0
DA:120,0
DA:123,0
DA:124,0
DA:128,0
DA:133,0
DA:134,0
DA:137,0
DA:138,0
DA:139,0
DA:141,0
DA:142,0
DA:145,0
DA:146,0
DA:147,0
DA:148,0
DA:149,0
DA:155,0
DA:156,0
DA:158,0
DA:160,0
DA:161,0
DA:162,0
DA:163,0
DA:166,0
DA:169,0
DA:172,0
DA:176,0
DA:177,0
DA:178,0
DA:179,0
DA:180,0
DA:181,0
LF:85
LH:0
BRDA:92,0,0,0
BRDA:92,0,1,0
BRDA:112,1,0,0
BRDA:112,1,1,0
BRDA:158,2,0,0
BRDA:158,2,1,0
BRDA:172,3,0,0
BRDA:172,3,1,0
BRF:8
BRH:0
end_of_record
TN:
SF:public\admin\home_page\admin_home.js
FN:11,(anonymous_0)
FN:15,(anonymous_1)
FN:25,(anonymous_2)
FN:26,(anonymous_3)
FN:60,(anonymous_4)
FN:70,(anonymous_5)
FN:112,(anonymous_6)
FNF:7
FNH:0
FNDA:0,(anonymous_0)
FNDA:0,(anonymous_1)
FNDA:0,(anonymous_2)
FNDA:0,(anonymous_3)
FNDA:0,(anonymous_4)
FNDA:0,(anonymous_5)
FNDA:0,(anonymous_6)
DA:11,0
DA:13,0
DA:14,0
DA:15,0
DA:16,0
DA:18,0
DA:24,0
DA:25,0
DA:26,0
DA:27,0
DA:28,0
DA:35,0
DA:45,0
DA:47,0
DA:48,0
DA:51,0
DA:52,0
DA:55,0
DA:56,0
DA:59,0
DA:60,0
DA:61,0
DA:62,0
DA:66,0
DA:67,0
DA:68,0
DA:70,0
DA:71,0
DA:72,0
DA:73,0
DA:74,0
DA:75,0
DA:81,0
DA:82,0
DA:83,0
DA:84,0
DA:87,0
DA:93,0
DA:94,0
DA:97,0
DA:99,0
DA:100,0
DA:112,0
DA:113,0
DA:114,0
DA:122,0
DA:123,0
DA:124,0
DA:125,0
DA:127,0
DA:128,0
DA:129,0
DA:141,0
DA:146,0
DA:149,0
DA:150,0
DA:151,0
DA:152,0
DA:155,0
DA:156,0
LF:60
LH:0
BRDA:14,0,0,0
BRDA:14,0,1,0
BRDA:16,1,0,0
BRDA:16,1,1,0
BRDA:62,2,0,0
BRDA:62,2,1,0
BRDA:72,3,0,0
BRDA:72,3,1,0
BRDA:74,4,0,0
BRDA:74,4,1,0
BRDA:99,5,0,0
BRDA:99,5,1,0
BRDA:122,6,0,0
BRDA:122,6,1,0
BRDA:123,7,0,0
BRDA:123,7,1,0
BRDA:124,8,0,0
BRDA:124,8,1,0
BRDA:125,9,0,0
BRDA:125,9,1,0
BRDA:134,10,0,0
BRDA:134,10,1,0
BRF:22
BRH:0
end_of_record
TN:
SF:public\delete\delete.js
FN:5,(anonymous_0)
FN:32,(anonymous_1)
FN:41,(anonymous_2)
FN:49,(anonymous_3)
FN:64,(anonymous_4)
FNF:5
FNH:0
FNDA:0,(anonymous_0)
FNDA:0,(anonymous_1)
FNDA:0,(anonymous_2)
FNDA:0,(anonymous_3)
FNDA:0,(anonymous_4)
DA:3,0
DA:5,0
DA:7,0
DA:8,0
DA:11,0
DA:12,0
DA:13,0
DA:14,0
DA:15,0
DA:16,0
DA:17,0
DA:20,0
DA:21,0
DA:22,0
DA:24,0
DA:25,0
DA:26,0
DA:27,0
DA:28,0
DA:32,0
DA:33,0
DA:34,0
DA:36,0
DA:37,0
DA:40,0
DA:41,0
DA:42,0
DA:46,0
DA:47,0
DA:48,0
DA:49,0
DA:51,0
DA:55,0
DA:56,0
DA:57,0
DA:58,0
DA:59,0
DA:64,0
DA:65,0
LF:39
LH:0
BRDA:20,0,0,0
BRDA:20,0,1,0
BRDA:20,1,0,0
BRDA:20,1,1,0
BRDA:24,2,0,0
BRDA:24,2,1,0
BRDA:40,3,0,0
BRDA:40,3,1,0
BRDA:42,4,0,0
BRDA:42,4,1,0
BRF:10
BRH:0
end_of_record
TN:
SF:public\delete\preview.js
FN:5,(anonymous_0)
FN:43,(anonymous_1)
FN:47,(anonymous_2)
FN:48,(anonymous_3)
FN:53,(anonymous_4)
FN:60,render
FN:79,(anonymous_6)
FN:83,wireActions
FN:85,(anonymous_8)
FN:91,(anonymous_9)
FN:97,(anonymous_10)
FN:105,formatDate
FNF:12
FNH:0
FNDA:0,(anonymous_0)
FNDA:0,(anonymous_1)
FNDA:0,(anonymous_2)
FNDA:0,(anonymous_3)
FNDA:0,(anonymous_4)
FNDA:0,render
FNDA:0,(anonymous_6)
FNDA:0,wireActions
FNDA:0,(anonymous_8)
FNDA:0,(anonymous_9)
FNDA:0,(anonymous_10)
FNDA:0,formatDate
DA:3,6
DA:5,6
DA:7,0
DA:8,0
DA:9,0
DA:10,0
DA:11,0
DA:12,0
DA:13,0
DA:14,0
DA:15,0
DA:16,0
DA:19,0
DA:27,0
DA:28,0
DA:29,0
DA:34,0
DA:35,0
DA:36,0
DA:37,0
DA:38,0
DA:42,0
DA:44,0
DA:45,0
DA:48,0
DA:49,0
DA:50,0
DA:51,0
DA:54,0
DA:55,0
DA:56,0
DA:61,0
DA:62,0
DA:63,0
DA:64,0
DA:65,0
DA:67,0
DA:68,0
DA:69,0
DA:70,0
DA:72,0
DA:77,0
DA:79,0
DA:84,0
DA:85,0
DA:86,0
DA:90,0
DA:91,0
DA:92,0
DA:96,0
DA:97,0
DA:99,0
DA:106,0
DA:107,0
LF:54
LH:2
BRDA:27,0,0,0
BRDA:27,0,1,0
BRDA:35,1,0,0
BRDA:35,1,1,0
BRDA:44,2,0,0
BRDA:44,2,1,0
BRDA:49,3,0,0
BRDA:49,3,1,0
BRDA:61,4,0,0
BRDA:61,4,1,0
BRDA:62,5,0,0
BRDA:62,5,1,0
BRDA:65,6,0,0
BRDA:65,6,1,0
BRDA:67,7,0,0
BRDA:67,7,1,0
BRDA:68,8,0,0
BRDA:68,8,1,0
BRDA:84,9,0,0
BRDA:84,9,1,0
BRDA:84,10,0,0
BRDA:84,10,1,0
BRDA:90,11,0,0
BRDA:90,11,1,0
BRDA:96,12,0,0
BRDA:96,12,1,0
BRDA:106,13,0,0
BRDA:106,13,1,0
BRF:28
BRH:0
end_of_record
TN:
SF:public\delete\viewer.js
FN:34,(anonymous_0)
FN:39,loadDocument
FN:62,displayDocument
FN:156,showError
FN:164,formatDate
FNF:5
FNH:0
FNDA:0,(anonymous_0)
FNDA:0,loadDocument
FNDA:0,displayDocument
FNDA:0,showError
FNDA:0,formatDate
DA:5,0
DA:16,0
DA:17,0
DA:20,0
DA:21,0
DA:22,0
DA:23,0
DA:24,0
DA:25,0
DA:26,0
DA:27,0
DA:30,0
DA:31,0
DA:34,0
DA:35,0
DA:40,0
DA:41,0
DA:42,0
DA:45,0
DA:46,0
DA:47,0
DA:49,0
DA:50,0
DA:51,0
DA:53,0
DA:56,0
DA:57,0
DA:63,0
DA:64,0
DA:65,0
DA:69,0
DA:70,0
DA:71,0
DA:72,0
DA:75,0
DA:76,0
DA:79,0
DA:82,0
DA:84,0
DA:85,0
DA:86,0
DA:88,0
DA:90,0
DA:91,0
DA:92,0
DA:93,0
DA:95,0
DA:97,0
DA:98,0
DA:99,0
DA:100,0
DA:101,0
DA:103,0
DA:105,0
DA:106,0
DA:107,0
DA:108,0
DA:112,0
DA:113,0
DA:115,0
DA:116,0
DA:117,0
DA:119,0
DA:120,0
DA:121,0
DA:122,0
DA:123,0
DA:124,0
DA:125,0
DA:126,0
DA:127,0
DA:128,0
DA:129,0
DA:131,0
DA:132,0
DA:133,0
DA:134,0
DA:135,0
DA:136,0
DA:137,0
DA:138,0
DA:139,0
DA:140,0
DA:141,0
DA:143,0
DA:144,0
DA:145,0
DA:146,0
DA:150,0
DA:151,0
DA:152,0
DA:157,0
DA:158,0
DA:159,0
DA:160,0
DA:165,0
DA:166,0
DA:167,0
DA:171,0
LF:99
LH:0
BRDA:40,0,0,0
BRDA:40,0,1,0
BRDA:49,1,0,0
BRDA:49,1,1,0
BRDA:63,2,0,0
BRDA:63,2,1,0
BRDA:63,3,0,0
BRDA:63,3,1,0
BRDA:69,4,0,0
BRDA:69,4,1,0
BRDA:70,5,0,0
BRDA:70,5,1,0
BRDA:71,6,0,0
BRDA:71,6,1,0
BRDA:72,7,0,0
BRDA:72,7,1,0
BRDA:75,8,0,0
BRDA:75,8,1,0
BRDA:82,9,0,0
BRDA:82,9,1,0
BRDA:88,10,0,0
BRDA:88,10,1,0
BRDA:88,11,0,0
BRDA:88,11,1,0
BRDA:92,12,0,0
BRDA:92,12,1,0
BRDA:95,13,0,0
BRDA:95,13,1,0
BRDA:95,14,0,0
BRDA:95,14,1,0
BRDA:103,15,0,0
BRDA:103,15,1,0
BRDA:103,16,0,0
BRDA:103,16,1,0
BRDA:133,17,0,0
BRDA:133,17,1,0
BRDA:165,18,0,0
BRDA:165,18,1,0
BRF:38
BRH:0
end_of_record
TN:
SF:public\edit\edit.js
FN:5,(anonymous_0)
FN:29,(anonymous_1)
FN:33,(anonymous_2)
FN:34,(anonymous_3)
FN:48,(anonymous_4)
FN:55,(anonymous_5)
FN:60,(anonymous_6)
FN:61,(anonymous_7)
FN:80,(anonymous_8)
FN:86,(anonymous_9)
FN:97,(anonymous_10)
FNF:11
FNH:0
FNDA:0,(anonymous_0)
FNDA:0,(anonymous_1)
FNDA:0,(anonymous_2)
FNDA:0,(anonymous_3)
FNDA:0,(anonymous_4)
FNDA:0,(anonymous_5)
FNDA:0,(anonymous_6)
FNDA:0,(anonymous_7)
FNDA:0,(anonymous_8)
FNDA:0,(anonymous_9)
FNDA:0,(anonymous_10)
DA:3,0
DA:5,0
DA:7,0
DA:8,0
DA:11,0
DA:12,0
DA:13,0
DA:14,0
DA:15,0
DA:16,0
DA:17,0
DA:18,0
DA:19,0
DA:21,0
DA:22,0
DA:23,0
DA:24,0
DA:28,0
DA:30,0
DA:31,0
DA:34,0
DA:35,0
DA:37,0
DA:38,0
DA:39,0
DA:40,0
DA:41,0
DA:44,0
DA:45,0
DA:49,0
DA:50,0
DA:51,0
DA:55,0
DA:56,0
DA:57,0
DA:58,0
DA:60,0
DA:61,0
DA:63,0
DA:73,0
DA:74,0
DA:79,0
DA:80,0
DA:81,0
DA:83,0
DA:84,0
DA:86,0
DA:87,0
DA:90,0
DA:91,0
DA:92,0
DA:97,0
DA:98,0
LF:53
LH:0
BRDA:21,0,0,0
BRDA:21,0,1,0
BRDA:30,1,0,0
BRDA:30,1,1,0
BRDA:35,2,0,0
BRDA:35,2,1,0
BRDA:37,3,0,0
BRDA:37,3,1,0
BRDA:38,4,0,0
BRDA:38,4,1,0
BRDA:39,5,0,0
BRDA:39,5,1,0
BRDA:40,6,0,0
BRDA:40,6,1,0
BRDA:41,7,0,0
BRDA:41,7,1,0
BRDA:44,8,0,0
BRDA:44,8,1,0
BRDA:79,9,0,0
BRDA:79,9,1,0
BRDA:81,10,0,0
BRDA:81,10,1,0
BRF:22
BRH:0
end_of_record
TN:
SF:public\edit\firebase.js
FNF:0
FNH:0
DA:12,0
DA:23,0
DA:24,0
DA:25,0
LF:4
LH:0
BRF:0
BRH:0
end_of_record
TN:
SF:public\search\AdminSearchInterface.js
FN:12,initializeAdminSearchInterface
FN:29,(anonymous_1)
FN:33,(anonymous_2)
FN:44,(anonymous_3)
FN:58,handleSearch
FN:64,refreshResults
FN:68,(anonymous_6)
FN:90,applySorting
FN:94,(anonymous_8)
FN:97,(anonymous_9)
FN:100,(anonymous_10)
FN:103,(anonymous_11)
FNF:12
FNH:0
FNDA:0,initializeAdminSearchInterface
FNDA:0,(anonymous_1)
FNDA:0,(anonymous_2)
FNDA:0,(anonymous_3)
FNDA:0,handleSearch
FNDA:0,refreshResults
FNDA:0,(anonymous_6)
FNDA:0,applySorting
FNDA:0,(anonymous_8)
FNDA:0,(anonymous_9)
FNDA:0,(anonymous_10)
FNDA:0,(anonymous_11)
DA:13,0
DA:14,0
DA:15,0
DA:16,0
DA:20,0
DA:21,0
DA:22,0
DA:23,0
DA:26,0
DA:27,0
DA:28,0
DA:29,0
DA:30,0
DA:31,0
DA:33,0
DA:34,0
DA:35,0
DA:37,0
DA:38,0
DA:40,0
DA:41,0
DA:44,0
DA:45,0
DA:46,0
DA:47,0
DA:48,0
DA:49,0
DA:50,0
DA:52,0
DA:53,0
DA:59,0
DA:60,0
DA:65,0
DA:68,0
DA:70,0
DA:75,0
DA:77,0
DA:79,0
DA:83,0
DA:86,0
DA:91,0
DA:92,0
DA:94,0
DA:95,0
DA:97,0
DA:98,0
DA:100,0
DA:101,0
DA:103,0
DA:104,0
DA:106,0
LF:51
LH:0
BRDA:14,0,0,0
BRDA:14,0,1,0
BRDA:48,1,0,0
BRDA:48,1,1,0
BRDA:70,2,0,0
BRDA:70,2,1,0
BRDA:70,2,2,0
BRDA:75,3,0,0
BRDA:75,3,1,0
BRDA:77,4,0,0
BRDA:77,4,1,0
BRDA:79,5,0,0
BRDA:79,5,1,0
BRDA:79,5,2,0
BRDA:92,6,0,0
BRDA:92,6,1,0
BRDA:92,6,2,0
BRDA:92,6,3,0
BRF:18
BRH:0
end_of_record
TN:
SF:public\search\Filters.js
FN:10,renderFilters
FN:27,(anonymous_1)
FN:44,(anonymous_2)
FNF:3
FNH:0
FNDA:0,renderFilters
FNDA:0,(anonymous_1)
FNDA:0,(anonymous_2)
DA:11,0
DA:12,0
DA:15,0
DA:16,0
DA:17,0
DA:18,0
DA:19,0
DA:20,0
DA:27,0
DA:28,0
DA:32,0
DA:33,0
DA:34,0
DA:35,0
DA:36,0
DA:37,0
DA:44,0
DA:45,0
DA:49,0
DA:50,0
DA:51,0
DA:52,0
DA:54,0
DA:57,0
LF:24
LH:0
BRF:0
BRH:0
end_of_record
TN:
SF:public\search\SearchBar.js
FN:10,renderSearchBar
FN:32,(anonymous_1)
FN:36,(anonymous_2)
FN:38,(anonymous_3)
FNF:4
FNH:0
FNDA:0,renderSearchBar
FNDA:0,(anonymous_1)
FNDA:0,(anonymous_2)
FNDA:0,(anonymous_3)
DA:12,0
DA:13,0
DA:14,0
DA:17,0
DA:18,0
DA:19,0
DA:20,0
DA:23,0
DA:24,0
DA:25,0
DA:26,0
DA:27,0
DA:28,0
DA:29,0
DA:32,0
DA:36,0
DA:37,0
DA:38,0
DA:39,0
DA:44,0
DA:45,0
LF:21
LH:0
BRF:0
BRH:0
end_of_record
TN:
SF:public\search\SearchInterface.js
FN:11,initializeSearchInterface
FN:35,(anonymous_1)
FN:53,handleSearch
FN:69,(anonymous_3)
FN:74,(anonymous_4)
FN:95,(anonymous_5)
FN:98,(anonymous_6)
FNF:7
FNH:0
FNDA:0,initializeSearchInterface
FNDA:0,(anonymous_1)
FNDA:0,handleSearch
FNDA:0,(anonymous_3)
FNDA:0,(anonymous_4)
FNDA:0,(anonymous_5)
FNDA:0,(anonymous_6)
DA:12,0
DA:13,0
DA:14,0
DA:15,0
DA:19,0
DA:20,0
DA:21,0
DA:24,0
DA:27,0
DA:28,0
DA:30,0
DA:31,0
DA:34,0
DA:35,0
DA:36,0
DA:37,0
DA:38,0
DA:39,0
DA:40,0
DA:41,0
DA:43,0
DA:44,0
DA:54,0
DA:55,0
DA:57,0
DA:59,0
DA:69,0
DA:72,0
DA:74,0
DA:76,0
DA:78,0
DA:79,0
DA:80,0
DA:81,0
DA:82,0
DA:83,0
DA:84,0
DA:85,0
DA:86,0
DA:90,0
DA:95,0
DA:98,0
DA:110,0
LF:43
LH:0
BRDA:13,0,0,0
BRDA:13,0,1,0
BRDA:39,1,0,0
BRDA:39,1,1,0
BRDA:65,2,0,0
BRDA:65,2,1,0
BRDA:72,3,0,0
BRDA:72,3,1,0
BRDA:76,4,0,0
BRDA:76,4,1,0
BRDA:79,5,0,0
BRDA:79,5,1,0
BRDA:79,6,0,0
BRDA:79,6,1,0
BRDA:81,7,0,0
BRDA:81,7,1,0
BRDA:85,8,0,0
BRDA:85,8,1,0
BRDA:86,9,0,0
BRDA:86,9,1,0
BRDA:95,10,0,0
BRDA:95,10,1,0
BRDA:95,11,0,0
BRDA:95,11,1,0
BRDA:100,12,0,0
BRDA:100,12,1,0
BRDA:101,13,0,0
BRDA:101,13,1,0
BRDA:102,14,0,0
BRDA:102,14,1,0
BRDA:103,15,0,0
BRDA:103,15,1,0
BRDA:104,16,0,0
BRDA:104,16,1,0
BRDA:105,17,0,0
BRDA:105,17,1,0
BRDA:105,17,2,0
BRDA:106,18,0,0
BRDA:106,18,1,0
BRDA:107,19,0,0
BRDA:107,19,1,0
BRF:41
BRH:0
end_of_record
TN:
SF:public\search\SearchResults.js
FN:19,renderSearchResults
FN:33,(anonymous_1)
FNF:2
FNH:0
FNDA:0,renderSearchResults
FNDA:0,(anonymous_1)
DA:21,0
DA:24,0
DA:25,0
DA:26,0
DA:27,0
DA:28,0
DA:29,0
DA:33,0
DA:34,0
DA:35,0
DA:38,0
DA:39,0
DA:40,0
DA:43,0
DA:44,0
DA:45,0
DA:46,0
DA:47,0
DA:48,0
DA:50,0
DA:51,0
DA:52,0
DA:53,0
DA:57,0
DA:58,0
DA:59,0
DA:60,0
DA:64,0
DA:65,0
DA:66,0
DA:67,0
DA:68,0
DA:72,0
DA:75,0
DA:77,0
DA:78,0
DA:79,0
DA:80,0
DA:82,0
DA:83,0
DA:84,0
DA:85,0
DA:87,0
DA:88,0
DA:89,0
DA:90,0
DA:93,0
DA:94,0
DA:95,0
DA:96,0
DA:97,0
DA:98,0
DA:100,0
DA:101,0
DA:102,0
DA:105,0
DA:106,0
DA:108,0
DA:109,0
DA:110,0
DA:111,0
DA:112,0
DA:114,0
DA:115,0
DA:117,0
LF:65
LH:0
BRDA:24,0,0,0
BRDA:24,0,1,0
BRDA:24,1,0,0
BRDA:24,1,1,0
BRDA:44,2,0,0
BRDA:44,2,1,0
BRDA:45,3,0,0
BRDA:45,3,1,0
BRDA:46,4,0,0
BRDA:46,4,1,0
BRDA:47,5,0,0
BRDA:47,5,1,0
BRDA:47,6,0,0
BRDA:47,6,1,0
BRDA:50,7,0,0
BRDA:50,7,1,0
BRDA:57,8,0,0
BRDA:57,8,1,0
BRDA:64,9,0,0
BRDA:64,9,1,0
BRDA:75,10,0,0
BRDA:75,10,1,0
BRDA:75,10,2,0
BRDA:75,10,3,0
BRDA:75,10,4,0
BRF:25
BRH:0
end_of_record
TN:
SF:public\search\SortOptions.js
FN:15,renderSortOptions
FN:33,(anonymous_1)
FNF:2
FNH:0
FNDA:0,renderSortOptions
FNDA:0,(anonymous_1)
DA:16,0
DA:17,0
DA:19,0
DA:20,0
DA:21,0
DA:23,0
DA:24,0
DA:25,0
DA:33,0
DA:34,0
DA:37,0
DA:38,0
DA:40,0
DA:43,0
LF:14
LH:0
BRF:0
BRH:0
end_of_record
TN:
SF:public\search\UserFilteredSearchInterface.js
FN:10,initializeUserFilteredSearch
FN:28,(anonymous_1)
FN:46,handleSearch
FN:50,(anonymous_3)
FN:67,(anonymous_4)
FN:68,(anonymous_5)
FN:70,(anonymous_6)
FN:71,(anonymous_7)
FN:82,(anonymous_8)
FN:83,(anonymous_9)
FNF:10
FNH:0
FNDA:0,initializeUserFilteredSearch
FNDA:0,(anonymous_1)
FNDA:0,handleSearch
FNDA:0,(anonymous_3)
FNDA:0,(anonymous_4)
FNDA:0,(anonymous_5)
FNDA:0,(anonymous_6)
FNDA:0,(anonymous_7)
FNDA:0,(anonymous_8)
FNDA:0,(anonymous_9)
DA:11,0
DA:12,0
DA:13,0
DA:14,0
DA:18,0
DA:19,0
DA:20,0
DA:21,0
DA:22,0
DA:23,0
DA:24,0
DA:27,0
DA:28,0
DA:29,0
DA:30,0
DA:31,0
DA:32,0
DA:33,0
DA:35,0
DA:37,0
DA:38,0
DA:47,0
DA:48,0
DA:50,0
DA:53,0
DA:58,0
DA:59,0
DA:60,0
DA:63,0
DA:64,0
DA:65,0
DA:67,0
DA:68,0
DA:69,0
DA:70,0
DA:71,0
DA:74,0
DA:78,0
DA:82,0
DA:83,0
DA:90,0
LF:41
LH:0
BRDA:12,0,0,0
BRDA:12,0,1,0
BRDA:32,1,0,0
BRDA:32,1,1,0
BRDA:48,2,0,0
BRDA:48,2,1,0
BRDA:53,3,0,0
BRDA:53,3,1,0
BRDA:53,3,2,0
BRDA:58,4,0,0
BRDA:58,4,1,0
BRDA:59,5,0,0
BRDA:59,5,1,0
BRDA:60,6,0,0
BRDA:60,6,1,0
BRDA:64,7,0,0
BRDA:64,7,1,0
BRDA:69,8,0,0
BRDA:69,8,1,0
BRDA:78,9,0,0
BRDA:78,9,1,0
BRDA:78,9,2,0
BRDA:78,9,3,0
BRDA:78,9,4,0
BRDA:82,10,0,0
BRDA:82,10,1,0
BRDA:82,11,0,0
BRDA:82,11,1,0
BRDA:85,12,0,0
BRDA:85,12,1,0
BRDA:86,13,0,0
BRDA:86,13,1,0
BRDA:87,14,0,0
BRDA:87,14,1,0
BRF:34
BRH:0
end_of_record
TN:
SF:public\suggestions\home.js
FN:29,initApp
FN:45,loadAllDocuments
FN:47,(anonymous_2)
FN:48,(anonymous_3)
FN:57,loadUserInteractions
FN:74,userHistory
FN:80,(anonymous_6)
FN:96,getTitle
FN:120,renderAllDocuments
FN:136,(anonymous_9)
FN:142,isDocumentNew
FN:151,createDocCard
FN:183,(anonymous_12)
FN:189,(anonymous_13)
FN:201,incrementViewCount
FN:232,openDocument
FN:239,renderDocuments
FN:255,(anonymous_17)
FN:262,toggleFavorite
FN:285,renderAllSections
FN:288,(anonymous_20)
FN:293,(anonymous_21)
FN:295,(anonymous_22)
FN:297,(anonymous_23)
FN:304,(anonymous_24)
FN:315,applyFilters
FN:324,(anonymous_26)
FN:329,(anonymous_27)
FN:334,(anonymous_28)
FN:357,(anonymous_29)
FN:362,setupEventListeners
FN:366,(anonymous_31)
FN:369,(anonymous_32)
FN:382,(anonymous_33)
FN:383,(anonymous_34)
FN:390,(anonymous_35)
FN:400,(anonymous_36)
FN:402,(anonymous_37)
FN:403,(anonymous_38)
FN:412,showLoading
FN:417,showError
FN:425,updateStats
FN:439,(anonymous_42)
FN:463,search
FN:465,(anonymous_44)
FN:470,refresh
FN:473,(anonymous_46)
FN:486,(anonymous_47)
FN:502,getSuggestions
FN:517,(anonymous_49)
FN:528,(anonymous_50)
FNF:51
FNH:0
FNDA:0,initApp
FNDA:0,loadAllDocuments
FNDA:0,(anonymous_2)
FNDA:0,(anonymous_3)
FNDA:0,loadUserInteractions
FNDA:0,userHistory
FNDA:0,(anonymous_6)
FNDA:0,getTitle
FNDA:0,renderAllDocuments
FNDA:0,(anonymous_9)
FNDA:0,isDocumentNew
FNDA:0,createDocCard
FNDA:0,(anonymous_12)
FNDA:0,(anonymous_13)
FNDA:0,incrementViewCount
FNDA:0,openDocument
FNDA:0,renderDocuments
FNDA:0,(anonymous_17)
FNDA:0,toggleFavorite
FNDA:0,renderAllSections
FNDA:0,(anonymous_20)
FNDA:0,(anonymous_21)
FNDA:0,(anonymous_22)
FNDA:0,(anonymous_23)
FNDA:0,(anonymous_24)
FNDA:0,applyFilters
FNDA:0,(anonymous_26)
FNDA:0,(anonymous_27)
FNDA:0,(anonymous_28)
FNDA:0,(anonymous_29)
FNDA:0,setupEventListeners
FNDA:0,(anonymous_31)
FNDA:0,(anonymous_32)
FNDA:0,(anonymous_33)
FNDA:0,(anonymous_34)
FNDA:0,(anonymous_35)
FNDA:0,(anonymous_36)
FNDA:0,(anonymous_37)
FNDA:0,(anonymous_38)
FNDA:0,showLoading
FNDA:0,showError
FNDA:0,updateStats
FNDA:0,(anonymous_42)
FNDA:0,search
FNDA:0,(anonymous_44)
FNDA:0,refresh
FNDA:0,(anonymous_46)
FNDA:0,(anonymous_47)
FNDA:0,getSuggestions
FNDA:0,(anonymous_49)
FNDA:0,(anonymous_50)
DA:4,0
DA:15,0
DA:16,0
DA:17,0
DA:18,0
DA:20,0
DA:21,0
DA:24,0
DA:25,0
DA:26,0
DA:30,0
DA:31,0
DA:32,0
DA:33,0
DA:34,0
DA:35,0
DA:36,0
DA:39,0
DA:40,0
DA:42,0
DA:46,0
DA:47,0
DA:48,0
DA:53,0
DA:58,0
DA:59,0
DA:60,0
DA:61,0
DA:67,0
DA:68,0
DA:70,0
DA:75,0
DA:76,0
DA:77,0
DA:78,0
DA:79,0
DA:80,0
DA:81,0
DA:86,0
DA:87,0
DA:90,0
DA:94,0
DA:95,0
DA:97,0
DA:98,0
DA:99,0
DA:100,0
DA:101,0
DA:102,0
DA:103,0
DA:104,0
DA:109,0
DA:111,0
DA:112,0
DA:121,0
DA:122,0
DA:124,0
DA:126,0
DA:127,0
DA:133,0
DA:136,0
DA:137,0
DA:143,0
DA:144,0
DA:145,0
DA:146,0
DA:152,0
DA:153,0
DA:155,0
DA:156,0
DA:157,0
DA:158,0
DA:159,0
DA:162,0
DA:182,0
DA:183,0
DA:184,0
DA:185,0
DA:188,0
DA:189,0
DA:190,0
DA:191,0
DA:192,0
DA:197,0
DA:202,0
DA:203,0
DA:205,0
DA:206,0
DA:208,0
DA:209,0
DA:210,0
DA:211,0
DA:214,0
DA:225,0
DA:226,0
DA:228,0
DA:233,0
DA:234,0
DA:240,0
DA:241,0
DA:243,0
DA:245,0
DA:246,0
DA:252,0
DA:255,0
DA:256,0
DA:263,0
DA:264,0
DA:265,0
DA:267,0
DA:268,0
DA:269,0
DA:272,0
DA:276,0
DA:277,0
DA:278,0
DA:280,0
DA:286,0
DA:288,0
DA:289,0
DA:292,0
DA:293,0
DA:295,0
DA:296,0
DA:297,0
DA:300,0
DA:304,0
DA:305,0
DA:308,0
DA:311,0
DA:316,0
DA:317,0
DA:318,0
DA:320,0
DA:323,0
DA:324,0
DA:328,0
DA:329,0
DA:333,0
DA:334,0
DA:335,0
DA:342,0
DA:343,0
DA:345,0
DA:347,0
DA:348,0
DA:354,0
DA:357,0
DA:358,0
DA:364,0
DA:365,0
DA:366,0
DA:367,0
DA:368,0
DA:369,0
DA:370,0
DA:374,0
DA:376,0
DA:382,0
DA:383,0
DA:384,0
DA:385,0
DA:390,0
DA:391,0
DA:394,0
DA:395,0
DA:396,0
DA:400,0
DA:401,0
DA:402,0
DA:403,0
DA:404,0
DA:405,0
DA:413,0
DA:414,0
DA:418,0
DA:419,0
DA:420,0
DA:421,0
DA:426,0
DA:427,0
DA:428,0
DA:429,0
DA:437,0
DA:439,0
DA:440,0
DA:441,0
DA:443,0
DA:444,0
DA:446,0
DA:447,0
DA:449,0
DA:450,0
DA:452,0
DA:453,0
DA:455,0
DA:456,0
DA:458,0
DA:464,0
DA:465,0
DA:466,0
DA:471,0
DA:472,0
DA:473,0
DA:474,0
DA:475,0
DA:476,0
DA:477,0
DA:478,0
DA:480,0
DA:481,0
DA:483,0
DA:486,0
DA:487,0
DA:488,0
DA:489,0
DA:490,0
DA:491,0
DA:493,0
DA:494,0
DA:496,0
DA:503,0
DA:506,0
DA:514,0
DA:516,0
DA:517,0
DA:521,0
DA:527,0
DA:528,0
DA:533,0
LF:230
LH:0
BRDA:20,0,0,0
BRDA:20,0,1,0
BRDA:24,1,0,0
BRDA:24,1,1,0
BRDA:60,2,0,0
BRDA:60,2,1,0
BRDA:61,3,0,0
BRDA:61,3,1,0
BRDA:78,4,0,0
BRDA:78,4,1,0
BRDA:97,5,0,0
BRDA:97,5,1,0
BRDA:101,6,0,0
BRDA:101,6,1,0
BRDA:122,7,0,0
BRDA:122,7,1,0
BRDA:126,8,0,0
BRDA:126,8,1,0
BRDA:143,9,0,0
BRDA:143,9,1,0
BRDA:155,10,0,0
BRDA:155,10,1,0
BRDA:163,11,0,0
BRDA:163,11,1,0
BRDA:165,12,0,0
BRDA:165,12,1,0
BRDA:166,13,0,0
BRDA:166,13,1,0
BRDA:167,14,0,0
BRDA:167,14,1,0
BRDA:169,15,0,0
BRDA:169,15,1,0
BRDA:173,16,0,0
BRDA:173,16,1,0
BRDA:174,17,0,0
BRDA:174,17,1,0
BRDA:209,18,0,0
BRDA:209,18,1,0
BRDA:234,19,0,0
BRDA:234,19,1,0
BRDA:241,20,0,0
BRDA:241,20,1,0
BRDA:245,21,0,0
BRDA:245,21,1,0
BRDA:245,22,0,0
BRDA:245,22,1,0
BRDA:267,23,0,0
BRDA:267,23,1,0
BRDA:273,24,0,0
BRDA:273,24,1,0
BRDA:292,25,0,0
BRDA:292,25,1,0
BRDA:323,26,0,0
BRDA:323,26,1,0
BRDA:323,27,0,0
BRDA:323,27,1,0
BRDA:328,28,0,0
BRDA:328,28,1,0
BRDA:328,29,0,0
BRDA:328,29,1,0
BRDA:333,30,0,0
BRDA:333,30,1,0
BRDA:335,31,0,0
BRDA:335,31,1,0
BRDA:335,31,2,0
BRDA:343,32,0,0
BRDA:343,32,1,0
BRDA:347,33,0,0
BRDA:347,33,1,0
BRDA:365,34,0,0
BRDA:365,34,1,0
BRDA:368,35,0,0
BRDA:368,35,1,0
BRDA:370,36,0,0
BRDA:370,36,1,0
BRDA:370,36,2,0
BRDA:395,37,0,0
BRDA:395,37,1,0
BRDA:401,38,0,0
BRDA:401,38,1,0
BRDA:414,39,0,0
BRDA:414,39,1,0
BRDA:414,40,0,0
BRDA:414,40,1,0
BRDA:419,41,0,0
BRDA:419,41,1,0
BRDA:427,42,0,0
BRDA:427,42,1,0
BRDA:428,43,0,0
BRDA:428,43,1,0
BRDA:429,44,0,0
BRDA:429,44,1,0
BRDA:443,45,0,0
BRDA:443,45,1,0
BRDA:444,46,0,0
BRDA:444,46,1,0
BRDA:444,46,2,0
BRDA:444,46,3,0
BRDA:444,46,4,0
BRDA:516,47,0,0
BRDA:516,47,1,0
BRF:101
BRH:0
end_of_record
TN:
SF:public\user signup\firebase.js
FNF:0
FNH:0
DA:2,0
DA:3,0
LF:2
LH:0
BRF:0
BRH:0
end_of_record
TN:
SF:public\user signup\outh-callback.js
FNF:0
FNH:0
LF:0
LH:0
BRF:0
BRH:0
end_of_record
TN:
SF:public\user signup\signup.js
FN:34,(anonymous_0)
FN:72,trackActivity
FNF:2
FNH:0
FNDA:0,(anonymous_0)
FNDA:0,trackActivity
DA:20,0
DA:29,0
DA:30,0
DA:31,0
DA:32,0
DA:34,0
DA:35,0
DA:36,0
DA:37,0
DA:38,0
DA:40,0
DA:41,0
DA:44,0
DA:45,0
DA:46,0
DA:48,0
DA:51,0
DA:52,0
DA:56,0
DA:58,0
DA:60,0
DA:64,0
DA:67,0
DA:68,0
DA:73,0
DA:74,0
DA:75,0
DA:77,0
DA:78,0
DA:79,0
DA:80,0
DA:89,0
DA:92,0
LF:33
LH:0
BRDA:48,0,0,0
BRDA:48,0,1,0
BRDA:77,1,0,0
BRDA:77,1,1,0
BRDA:79,2,0,0
BRDA:79,2,1,0
BRF:6
BRH:0
end_of_record
TN:
SF:public\user-interface\user-filtered.js
FN:5,(anonymous_0)
FNF:1
FNH:0
FNDA:0,(anonymous_0)
DA:5,0
DA:8,0
LF:2
LH:0
BRF:0
BRH:0
end_of_record
TN:
SF:public\user-interface\user-search.js
FN:5,(anonymous_0)
FNF:1
FNH:0
FNDA:0,(anonymous_0)
DA:5,0
DA:7,0
LF:2
LH:0
BRF:0
BRH:0
end_of_record
TN:
SF:public\user_history\history.js
FN:30,initApp
FN:45,loadAllDocuments
FN:53,(anonymous_2)
FN:60,loadUserInteractions
FN:98,getTitle
FN:117,renderAllDocuments
FN:134,(anonymous_6)
FN:142,createDocCard
FN:174,(anonymous_8)
FN:180,(anonymous_9)
FN:186,(anonymous_10)
FN:192,incrementViewCount
FN:223,openDocument
FN:232,renderDocuments
FN:248,(anonymous_14)
FN:255,toggleFavorite
FN:278,renderAllSections
FN:281,(anonymous_17)
FN:286,(anonymous_18)
FN:288,(anonymous_19)
FN:290,(anonymous_20)
FN:297,(anonymous_21)
FN:308,applyFilters
FN:317,(anonymous_23)
FN:322,(anonymous_24)
FN:327,(anonymous_25)
FN:350,(anonymous_26)
FN:355,setupEventListeners
FN:359,(anonymous_28)
FN:362,(anonymous_29)
FN:375,(anonymous_30)
FN:376,(anonymous_31)
FN:383,(anonymous_32)
FN:393,(anonymous_33)
FN:395,(anonymous_34)
FN:396,(anonymous_35)
FN:405,showLoading
FN:410,showError
FN:418,updateStats
FN:432,(anonymous_39)
FNF:40
FNH:0
FNDA:0,initApp
FNDA:0,loadAllDocuments
FNDA:0,(anonymous_2)
FNDA:0,loadUserInteractions
FNDA:0,getTitle
FNDA:0,renderAllDocuments
FNDA:0,(anonymous_6)
FNDA:0,createDocCard
FNDA:0,(anonymous_8)
FNDA:0,(anonymous_9)
FNDA:0,(anonymous_10)
FNDA:0,incrementViewCount
FNDA:0,openDocument
FNDA:0,renderDocuments
FNDA:0,(anonymous_14)
FNDA:0,toggleFavorite
FNDA:0,renderAllSections
FNDA:0,(anonymous_17)
FNDA:0,(anonymous_18)
FNDA:0,(anonymous_19)
FNDA:0,(anonymous_20)
FNDA:0,(anonymous_21)
FNDA:0,applyFilters
FNDA:0,(anonymous_23)
FNDA:0,(anonymous_24)
FNDA:0,(anonymous_25)
FNDA:0,(anonymous_26)
FNDA:0,setupEventListeners
FNDA:0,(anonymous_28)
FNDA:0,(anonymous_29)
FNDA:0,(anonymous_30)
FNDA:0,(anonymous_31)
FNDA:0,(anonymous_32)
FNDA:0,(anonymous_33)
FNDA:0,(anonymous_34)
FNDA:0,(anonymous_35)
FNDA:0,showLoading
FNDA:0,showError
FNDA:0,updateStats
FNDA:0,(anonymous_39)
DA:4,0
DA:15,0
DA:16,0
DA:17,0
DA:18,0
DA:20,0
DA:21,0
DA:22,0
DA:25,0
DA:26,0
DA:27,0
DA:31,0
DA:32,0
DA:34,0
DA:35,0
DA:36,0
DA:38,0
DA:39,0
DA:41,0
DA:47,0
DA:48,0
DA:50,0
DA:51,0
DA:53,0
DA:54,0
DA:61,0
DA:62,0
DA:63,0
DA:64,0
DA:70,0
DA:71,0
DA:73,0
DA:99,0
DA:100,0
DA:101,0
DA:102,0
DA:103,0
DA:104,0
DA:105,0
DA:106,0
DA:107,0
DA:111,0
DA:118,0
DA:119,0
DA:121,0
DA:123,0
DA:124,0
DA:130,0
DA:131,0
DA:134,0
DA:135,0
DA:143,0
DA:144,0
DA:146,0
DA:147,0
DA:148,0
DA:149,0
DA:150,0
DA:153,0
DA:173,0
DA:174,0
DA:175,0
DA:176,0
DA:179,0
DA:180,0
DA:181,0
DA:182,0
DA:183,0
DA:186,0
DA:187,0
DA:188,0
DA:193,0
DA:194,0
DA:196,0
DA:197,0
DA:199,0
DA:200,0
DA:201,0
DA:202,0
DA:205,0
DA:216,0
DA:217,0
DA:219,0
DA:224,0
DA:225,0
DA:227,0
DA:228,0
DA:233,0
DA:234,0
DA:236,0
DA:238,0
DA:239,0
DA:245,0
DA:248,0
DA:249,0
DA:256,0
DA:257,0
DA:258,0
DA:260,0
DA:261,0
DA:262,0
DA:265,0
DA:269,0
DA:270,0
DA:271,0
DA:273,0
DA:279,0
DA:281,0
DA:282,0
DA:285,0
DA:286,0
DA:288,0
DA:289,0
DA:290,0
DA:293,0
DA:297,0
DA:298,0
DA:301,0
DA:304,0
DA:309,0
DA:310,0
DA:311,0
DA:313,0
DA:316,0
DA:317,0
DA:321,0
DA:322,0
DA:326,0
DA:327,0
DA:328,0
DA:335,0
DA:336,0
DA:338,0
DA:340,0
DA:341,0
DA:347,0
DA:350,0
DA:351,0
DA:357,0
DA:358,0
DA:359,0
DA:360,0
DA:361,0
DA:362,0
DA:363,0
DA:367,0
DA:369,0
DA:375,0
DA:376,0
DA:377,0
DA:378,0
DA:383,0
DA:384,0
DA:387,0
DA:388,0
DA:389,0
DA:393,0
DA:394,0
DA:395,0
DA:396,0
DA:397,0
DA:398,0
DA:406,0
DA:407,0
DA:411,0
DA:412,0
DA:413,0
DA:414,0
DA:419,0
DA:420,0
DA:421,0
DA:422,0
DA:430,0
DA:432,0
DA:433,0
DA:434,0
DA:436,0
DA:437,0
DA:439,0
DA:440,0
DA:442,0
DA:443,0
DA:445,0
DA:446,0
DA:448,0
DA:449,0
DA:451,0
DA:457,0
LF:188
LH:0
BRDA:20,0,0,0
BRDA:20,0,1,0
BRDA:25,1,0,0
BRDA:25,1,1,0
BRDA:50,2,0,0
BRDA:50,2,1,0
BRDA:63,3,0,0
BRDA:63,3,1,0
BRDA:64,4,0,0
BRDA:64,4,1,0
BRDA:99,5,0,0
BRDA:99,5,1,0
BRDA:104,6,0,0
BRDA:104,6,1,0
BRDA:119,7,0,0
BRDA:119,7,1,0
BRDA:123,8,0,0
BRDA:123,8,1,0
BRDA:146,9,0,0
BRDA:146,9,1,0
BRDA:154,10,0,0
BRDA:154,10,1,0
BRDA:156,11,0,0
BRDA:156,11,1,0
BRDA:157,12,0,0
BRDA:157,12,1,0
BRDA:158,13,0,0
BRDA:158,13,1,0
BRDA:160,14,0,0
BRDA:160,14,1,0
BRDA:164,15,0,0
BRDA:164,15,1,0
BRDA:165,16,0,0
BRDA:165,16,1,0
BRDA:200,17,0,0
BRDA:200,17,1,0
BRDA:225,18,0,0
BRDA:225,18,1,0
BRDA:234,19,0,0
BRDA:234,19,1,0
BRDA:238,20,0,0
BRDA:238,20,1,0
BRDA:238,21,0,0
BRDA:238,21,1,0
BRDA:260,22,0,0
BRDA:260,22,1,0
BRDA:266,23,0,0
BRDA:266,23,1,0
BRDA:285,24,0,0
BRDA:285,24,1,0
BRDA:316,25,0,0
BRDA:316,25,1,0
BRDA:316,26,0,0
BRDA:316,26,1,0
BRDA:321,27,0,0
BRDA:321,27,1,0
BRDA:321,28,0,0
BRDA:321,28,1,0
BRDA:326,29,0,0
BRDA:326,29,1,0
BRDA:328,30,0,0
BRDA:328,30,1,0
BRDA:328,30,2,0
BRDA:336,31,0,0
BRDA:336,31,1,0
BRDA:340,32,0,0
BRDA:340,32,1,0
BRDA:358,33,0,0
BRDA:358,33,1,0
BRDA:361,34,0,0
BRDA:361,34,1,0
BRDA:363,35,0,0
BRDA:363,35,1,0
BRDA:363,35,2,0
BRDA:388,36,0,0
BRDA:388,36,1,0
BRDA:394,37,0,0
BRDA:394,37,1,0
BRDA:407,38,0,0
BRDA:407,38,1,0
BRDA:407,39,0,0
BRDA:407,39,1,0
BRDA:412,40,0,0
BRDA:412,40,1,0
BRDA:420,41,0,0
BRDA:420,41,1,0
BRDA:421,42,0,0
BRDA:421,42,1,0
BRDA:422,43,0,0
BRDA:422,43,1,0
BRDA:436,44,0,0
BRDA:436,44,1,0
BRDA:437,45,0,0
BRDA:437,45,1,0
BRDA:437,45,2,0
BRDA:437,45,3,0
BRDA:437,45,4,0
BRF:97
BRH:0
end_of_record
TN:
SF:public\user_history\home.js
FN:29,initApp
FN:44,loadAllDocuments
FN:46,(anonymous_2)
FN:47,(anonymous_3)
FN:57,loadUserInteractions
FN:74,userHistory
FN:80,(anonymous_6)
FN:96,getTitle
FN:119,renderAllDocuments
FN:135,(anonymous_9)
FN:141,isDocumentNew
FN:150,createDocCard
FN:182,(anonymous_12)
FN:188,(anonymous_13)
FN:194,(anonymous_14)
FN:200,incrementViewCount
FN:231,openDocument
FN:240,renderDocuments
FN:256,(anonymous_18)
FN:263,toggleFavorite
FN:286,renderAllSections
FN:289,(anonymous_21)
FN:294,(anonymous_22)
FN:296,(anonymous_23)
FN:298,(anonymous_24)
FN:305,(anonymous_25)
FN:316,applyFilters
FN:327,(anonymous_27)
FN:332,(anonymous_28)
FN:337,(anonymous_29)
FN:360,(anonymous_30)
FN:365,setupEventListeners
FN:369,(anonymous_32)
FN:372,(anonymous_33)
FN:385,(anonymous_34)
FN:386,(anonymous_35)
FN:393,(anonymous_36)
FN:403,(anonymous_37)
FN:405,(anonymous_38)
FN:406,(anonymous_39)
FN:415,showLoading
FN:420,showError
FN:428,updateStats
FN:442,(anonymous_43)
FN:464,search
FN:466,(anonymous_45)
FNF:46
FNH:0
FNDA:0,initApp
FNDA:0,loadAllDocuments
FNDA:0,(anonymous_2)
FNDA:0,(anonymous_3)
FNDA:0,loadUserInteractions
FNDA:0,userHistory
FNDA:0,(anonymous_6)
FNDA:0,getTitle
FNDA:0,renderAllDocuments
FNDA:0,(anonymous_9)
FNDA:0,isDocumentNew
FNDA:0,createDocCard
FNDA:0,(anonymous_12)
FNDA:0,(anonymous_13)
FNDA:0,(anonymous_14)
FNDA:0,incrementViewCount
FNDA:0,openDocument
FNDA:0,renderDocuments
FNDA:0,(anonymous_18)
FNDA:0,toggleFavorite
FNDA:0,renderAllSections
FNDA:0,(anonymous_21)
FNDA:0,(anonymous_22)
FNDA:0,(anonymous_23)
FNDA:0,(anonymous_24)
FNDA:0,(anonymous_25)
FNDA:0,applyFilters
FNDA:0,(anonymous_27)
FNDA:0,(anonymous_28)
FNDA:0,(anonymous_29)
FNDA:0,(anonymous_30)
FNDA:0,setupEventListeners
FNDA:0,(anonymous_32)
FNDA:0,(anonymous_33)
FNDA:0,(anonymous_34)
FNDA:0,(anonymous_35)
FNDA:0,(anonymous_36)
FNDA:0,(anonymous_37)
FNDA:0,(anonymous_38)
FNDA:0,(anonymous_39)
FNDA:0,showLoading
FNDA:0,showError
FNDA:0,updateStats
FNDA:0,(anonymous_43)
FNDA:0,search
FNDA:0,(anonymous_45)
DA:4,0
DA:15,0
DA:16,0
DA:17,0
DA:18,0
DA:20,0
DA:21,0
DA:24,0
DA:25,0
DA:26,0
DA:30,0
DA:31,0
DA:32,0
DA:33,0
DA:34,0
DA:35,0
DA:36,0
DA:38,0
DA:39,0
DA:41,0
DA:45,0
DA:46,0
DA:47,0
DA:52,0
DA:53,0
DA:58,0
DA:59,0
DA:60,0
DA:61,0
DA:67,0
DA:68,0
DA:70,0
DA:75,0
DA:76,0
DA:77,0
DA:78,0
DA:79,0
DA:80,0
DA:81,0
DA:86,0
DA:87,0
DA:90,0
DA:94,0
DA:95,0
DA:97,0
DA:98,0
DA:99,0
DA:100,0
DA:101,0
DA:102,0
DA:103,0
DA:104,0
DA:109,0
DA:111,0
DA:112,0
DA:120,0
DA:121,0
DA:123,0
DA:125,0
DA:126,0
DA:132,0
DA:135,0
DA:136,0
DA:142,0
DA:143,0
DA:144,0
DA:145,0
DA:151,0
DA:152,0
DA:154,0
DA:155,0
DA:156,0
DA:157,0
DA:158,0
DA:161,0
DA:181,0
DA:182,0
DA:183,0
DA:184,0
DA:187,0
DA:188,0
DA:189,0
DA:190,0
DA:191,0
DA:194,0
DA:196,0
DA:201,0
DA:202,0
DA:204,0
DA:205,0
DA:207,0
DA:208,0
DA:209,0
DA:210,0
DA:213,0
DA:224,0
DA:225,0
DA:227,0
DA:232,0
DA:233,0
DA:235,0
DA:236,0
DA:241,0
DA:242,0
DA:244,0
DA:246,0
DA:247,0
DA:253,0
DA:256,0
DA:257,0
DA:264,0
DA:265,0
DA:266,0
DA:268,0
DA:269,0
DA:270,0
DA:273,0
DA:277,0
DA:278,0
DA:279,0
DA:281,0
DA:287,0
DA:289,0
DA:290,0
DA:293,0
DA:294,0
DA:296,0
DA:297,0
DA:298,0
DA:301,0
DA:305,0
DA:306,0
DA:309,0
DA:312,0
DA:317,0
DA:318,0
DA:319,0
DA:323,0
DA:326,0
DA:327,0
DA:331,0
DA:332,0
DA:336,0
DA:337,0
DA:338,0
DA:345,0
DA:346,0
DA:348,0
DA:350,0
DA:351,0
DA:357,0
DA:360,0
DA:361,0
DA:367,0
DA:368,0
DA:369,0
DA:370,0
DA:371,0
DA:372,0
DA:373,0
DA:377,0
DA:379,0
DA:385,0
DA:386,0
DA:387,0
DA:388,0
DA:393,0
DA:394,0
DA:397,0
DA:398,0
DA:399,0
DA:403,0
DA:404,0
DA:405,0
DA:406,0
DA:407,0
DA:408,0
DA:416,0
DA:417,0
DA:421,0
DA:422,0
DA:423,0
DA:424,0
DA:429,0
DA:430,0
DA:431,0
DA:432,0
DA:440,0
DA:442,0
DA:443,0
DA:444,0
DA:446,0
DA:447,0
DA:450,0
DA:451,0
DA:453,0
DA:454,0
DA:456,0
DA:457,0
DA:459,0
DA:465,0
DA:466,0
DA:467,0
DA:472,0
LF:204
LH:0
BRDA:20,0,0,0
BRDA:20,0,1,0
BRDA:24,1,0,0
BRDA:24,1,1,0
BRDA:60,2,0,0
BRDA:60,2,1,0
BRDA:61,3,0,0
BRDA:61,3,1,0
BRDA:78,4,0,0
BRDA:78,4,1,0
BRDA:97,5,0,0
BRDA:97,5,1,0
BRDA:101,6,0,0
BRDA:101,6,1,0
BRDA:121,7,0,0
BRDA:121,7,1,0
BRDA:125,8,0,0
BRDA:125,8,1,0
BRDA:142,9,0,0
BRDA:142,9,1,0
BRDA:154,10,0,0
BRDA:154,10,1,0
BRDA:162,11,0,0
BRDA:162,11,1,0
BRDA:164,12,0,0
BRDA:164,12,1,0
BRDA:165,13,0,0
BRDA:165,13,1,0
BRDA:166,14,0,0
BRDA:166,14,1,0
BRDA:168,15,0,0
BRDA:168,15,1,0
BRDA:172,16,0,0
BRDA:172,16,1,0
BRDA:173,17,0,0
BRDA:173,17,1,0
BRDA:208,18,0,0
BRDA:208,18,1,0
BRDA:233,19,0,0
BRDA:233,19,1,0
BRDA:242,20,0,0
BRDA:242,20,1,0
BRDA:246,21,0,0
BRDA:246,21,1,0
BRDA:246,22,0,0
BRDA:246,22,1,0
BRDA:268,23,0,0
BRDA:268,23,1,0
BRDA:274,24,0,0
BRDA:274,24,1,0
BRDA:293,25,0,0
BRDA:293,25,1,0
BRDA:326,26,0,0
BRDA:326,26,1,0
BRDA:326,27,0,0
BRDA:326,27,1,0
BRDA:331,28,0,0
BRDA:331,28,1,0
BRDA:331,29,0,0
BRDA:331,29,1,0
BRDA:336,30,0,0
BRDA:336,30,1,0
BRDA:338,31,0,0
BRDA:338,31,1,0
BRDA:338,31,2,0
BRDA:346,32,0,0
BRDA:346,32,1,0
BRDA:350,33,0,0
BRDA:350,33,1,0
BRDA:368,34,0,0
BRDA:368,34,1,0
BRDA:371,35,0,0
BRDA:371,35,1,0
BRDA:373,36,0,0
BRDA:373,36,1,0
BRDA:373,36,2,0
BRDA:398,37,0,0
BRDA:398,37,1,0
BRDA:404,38,0,0
BRDA:404,38,1,0
BRDA:417,39,0,0
BRDA:417,39,1,0
BRDA:417,40,0,0
BRDA:417,40,1,0
BRDA:422,41,0,0
BRDA:422,41,1,0
BRDA:430,42,0,0
BRDA:430,42,1,0
BRDA:431,43,0,0
BRDA:431,43,1,0
BRDA:432,44,0,0
BRDA:432,44,1,0
BRDA:446,45,0,0
BRDA:446,45,1,0
BRDA:447,46,0,0
BRDA:447,46,1,0
BRDA:447,46,2,0
BRDA:447,46,3,0
BRF:98
BRH:0
end_of_record
